[2026-06-09T19:23:29.315+0000] {manager.py:470} INFO - Processing files using up to 2 processes at a time 
[2026-06-09T19:23:29.319+0000] {manager.py:471} INFO - Process each file at most once every 30 seconds
[2026-06-09T19:23:29.323+0000] {manager.py:472} INFO - Checking for new files in /opt/airflow/dags every 300 seconds
[2026-06-09T19:23:29.325+0000] {manager.py:737} INFO - Searching for files in /opt/airflow/dags
[2026-06-09T19:23:29.344+0000] {manager.py:740} INFO - There are 0 files in /opt/airflow/dags
[2026-06-09T19:28:29.655+0000] {manager.py:737} INFO - Searching for files in /opt/airflow/dags
[2026-06-09T19:28:29.670+0000] {manager.py:740} INFO - There are 0 files in /opt/airflow/dags
[2026-06-09T19:29:44.262+0000] {manager.py:452} INFO - Exiting gracefully upon receiving signal 15
[2026-06-09T19:31:09.285+0000] {manager.py:470} INFO - Processing files using up to 2 processes at a time 
[2026-06-09T19:31:09.287+0000] {manager.py:471} INFO - Process each file at most once every 30 seconds
[2026-06-09T19:31:09.289+0000] {manager.py:472} INFO - Checking for new files in /opt/airflow/dags every 300 seconds
[2026-06-09T19:31:09.292+0000] {manager.py:737} INFO - Searching for files in /opt/airflow/dags
[2026-06-09T19:31:09.307+0000] {manager.py:740} INFO - There are 0 files in /opt/airflow/dags
[2026-06-09T19:36:09.531+0000] {manager.py:737} INFO - Searching for files in /opt/airflow/dags
[2026-06-09T19:36:09.541+0000] {manager.py:740} INFO - There are 0 files in /opt/airflow/dags
[2026-06-09T19:41:09.828+0000] {manager.py:737} INFO - Searching for files in /opt/airflow/dags
[2026-06-09T19:41:09.855+0000] {manager.py:740} INFO - There are 1 files in /opt/airflow/dags
[2026-06-09T19:41:14.010+0000] {manager.py:878} INFO - 
================================================================================
DAG File Processing Stats

File Path                          PID    Runtime      # DAGs    # Errors  Last Runtime    Last Run
---------------------------------  -----  ---------  --------  ----------  --------------  -------------------
/opt/airflow/dags/etl_pipeline.py                           1           0  1.55s           2026-06-09T19:41:11
================================================================================
[2026-06-09T19:41:44.398+0000] {manager.py:878} INFO - 
================================================================================
DAG File Processing Stats

File Path                          PID    Runtime      # DAGs    # Errors  Last Runtime    Last Run
---------------------------------  -----  ---------  --------  ----------  --------------  -------------------
/opt/airflow/dags/etl_pipeline.py                           1           0  0.92s           2026-06-09T19:41:35
================================================================================
[2026-06-09T19:42:14.434+0000] {manager.py:878} INFO - 
================================================================================
DAG File Processing Stats

File Path                          PID    Runtime      # DAGs    # Errors  Last Runtime    Last Run
---------------------------------  -----  ---------  --------  ----------  --------------  -------------------
/opt/airflow/dags/etl_pipeline.py                           1           0  0.34s           2026-06-09T19:42:06
================================================================================
[2026-06-09T19:42:44.733+0000] {manager.py:878} INFO - 
================================================================================
DAG File Processing Stats

File Path                          PID    Runtime      # DAGs    # Errors  Last Runtime    Last Run
---------------------------------  -----  ---------  --------  ----------  --------------  -------------------
/opt/airflow/dags/etl_pipeline.py                           1           0  0.31s           2026-06-09T19:42:36
================================================================================
[2026-06-09T19:43:15.305+0000] {manager.py:878} INFO - 
================================================================================
DAG File Processing Stats

File Path                          PID    Runtime      # DAGs    # Errors  Last Runtime    Last Run
---------------------------------  -----  ---------  --------  ----------  --------------  -------------------
/opt/airflow/dags/etl_pipeline.py                           1           0  0.22s           2026-06-09T19:43:07
================================================================================
[2026-06-09T19:43:45.654+0000] {manager.py:878} INFO - 
================================================================================
DAG File Processing Stats

File Path                          PID    Runtime      # DAGs    # Errors  Last Runtime    Last Run
---------------------------------  -----  ---------  --------  ----------  --------------  -------------------
/opt/airflow/dags/etl_pipeline.py                           1           0  1.08s           2026-06-09T19:43:38
================================================================================
[2026-06-09T19:44:16.020+0000] {manager.py:878} INFO - 
================================================================================
DAG File Processing Stats

File Path                          PID    Runtime      # DAGs    # Errors  Last Runtime    Last Run
---------------------------------  -----  ---------  --------  ----------  --------------  -------------------
/opt/airflow/dags/etl_pipeline.py                           1           0  0.45s           2026-06-09T19:44:09
================================================================================
[2026-06-09T19:44:46.123+0000] {manager.py:878} INFO - 
================================================================================
DAG File Processing Stats

File Path                          PID    Runtime      # DAGs    # Errors  Last Runtime    Last Run
---------------------------------  -----  ---------  --------  ----------  --------------  -------------------
/opt/airflow/dags/etl_pipeline.py                           1           0  0.32s           2026-06-09T19:44:40
================================================================================
[2026-06-09T19:45:16.156+0000] {manager.py:878} INFO - 
================================================================================
DAG File Processing Stats

File Path                          PID    Runtime      # DAGs    # Errors  Last Runtime    Last Run
---------------------------------  -----  ---------  --------  ----------  --------------  -------------------
/opt/airflow/dags/etl_pipeline.py                           1           0  0.19s           2026-06-09T19:45:10
================================================================================
[2026-06-09T19:45:46.647+0000] {manager.py:878} INFO - 
================================================================================
DAG File Processing Stats

File Path                          PID    Runtime      # DAGs    # Errors  Last Runtime    Last Run
---------------------------------  -----  ---------  --------  ----------  --------------  -------------------
/opt/airflow/dags/etl_pipeline.py                           1           0  0.32s           2026-06-09T19:45:40
================================================================================
[2026-06-09T19:46:09.861+0000] {manager.py:737} INFO - Searching for files in /opt/airflow/dags
[2026-06-09T19:46:09.957+0000] {manager.py:740} INFO - There are 1 files in /opt/airflow/dags
[2026-06-09T19:46:16.816+0000] {manager.py:878} INFO - 
================================================================================
DAG File Processing Stats

File Path                          PID    Runtime      # DAGs    # Errors  Last Runtime    Last Run
---------------------------------  -----  ---------  --------  ----------  --------------  -------------------
/opt/airflow/dags/etl_pipeline.py                           1           0  0.66s           2026-06-09T19:46:11
================================================================================
[2026-06-09T19:46:47.502+0000] {manager.py:878} INFO - 
================================================================================
DAG File Processing Stats

File Path                          PID    Runtime      # DAGs    # Errors  Last Runtime    Last Run
---------------------------------  -----  ---------  --------  ----------  --------------  -------------------
/opt/airflow/dags/etl_pipeline.py                           1           0  0.54s           2026-06-09T19:46:42
================================================================================
[2026-06-09T19:47:18.126+0000] {manager.py:878} INFO - 
================================================================================
DAG File Processing Stats

File Path                          PID    Runtime      # DAGs    # Errors  Last Runtime    Last Run
---------------------------------  -----  ---------  --------  ----------  --------------  -------------------
/opt/airflow/dags/etl_pipeline.py                           1           0  0.44s           2026-06-09T19:47:13
================================================================================
[2026-06-09T19:47:48.603+0000] {manager.py:878} INFO - 
================================================================================
DAG File Processing Stats

File Path                          PID    Runtime      # DAGs    # Errors  Last Runtime    Last Run
---------------------------------  -----  ---------  --------  ----------  --------------  -------------------
/opt/airflow/dags/etl_pipeline.py                           1           0  0.49s           2026-06-09T19:47:43
================================================================================
[2026-06-09T19:48:18.853+0000] {manager.py:878} INFO - 
================================================================================
DAG File Processing Stats

File Path                          PID    Runtime      # DAGs    # Errors  Last Runtime    Last Run
---------------------------------  -----  ---------  --------  ----------  --------------  -------------------
/opt/airflow/dags/etl_pipeline.py                           1           0  0.48s           2026-06-09T19:48:14
================================================================================
[2026-06-09T19:48:49.125+0000] {manager.py:878} INFO - 
================================================================================
DAG File Processing Stats

File Path                          PID    Runtime      # DAGs    # Errors  Last Runtime    Last Run
---------------------------------  -----  ---------  --------  ----------  --------------  -------------------
/opt/airflow/dags/etl_pipeline.py                           1           0  0.32s           2026-06-09T19:48:45
================================================================================
[2026-06-09T19:49:19.474+0000] {manager.py:878} INFO - 
================================================================================
DAG File Processing Stats

File Path                          PID    Runtime      # DAGs    # Errors  Last Runtime    Last Run
---------------------------------  -----  ---------  --------  ----------  --------------  -------------------
/opt/airflow/dags/etl_pipeline.py                           1           0  1.01s           2026-06-09T19:49:16
================================================================================
[2026-06-09T19:49:49.491+0000] {manager.py:878} INFO - 
================================================================================
DAG File Processing Stats

File Path                          PID    Runtime      # DAGs    # Errors  Last Runtime    Last Run
---------------------------------  -----  ---------  --------  ----------  --------------  -------------------
/opt/airflow/dags/etl_pipeline.py                           1           0  0.38s           2026-06-09T19:49:47
================================================================================
[2026-06-09T19:50:19.798+0000] {manager.py:878} INFO - 
================================================================================
DAG File Processing Stats

File Path                          PID    Runtime      # DAGs    # Errors  Last Runtime    Last Run
---------------------------------  -----  ---------  --------  ----------  --------------  -------------------
/opt/airflow/dags/etl_pipeline.py                           1           0  0.34s           2026-06-09T19:50:18
================================================================================
[2026-06-09T19:50:50.120+0000] {manager.py:878} INFO - 
================================================================================
DAG File Processing Stats

File Path                          PID    Runtime      # DAGs    # Errors  Last Runtime    Last Run
---------------------------------  -----  ---------  --------  ----------  --------------  -------------------
/opt/airflow/dags/etl_pipeline.py                           1           0  0.63s           2026-06-09T19:50:49
================================================================================
[2026-06-09T19:51:10.362+0000] {manager.py:737} INFO - Searching for files in /opt/airflow/dags
[2026-06-09T19:51:10.403+0000] {manager.py:740} INFO - There are 1 files in /opt/airflow/dags
[2026-06-09T19:51:20.561+0000] {manager.py:878} INFO - 
================================================================================
DAG File Processing Stats

File Path                          PID    Runtime      # DAGs    # Errors  Last Runtime    Last Run
---------------------------------  -----  ---------  --------  ----------  --------------  -------------------
/opt/airflow/dags/etl_pipeline.py                           1           0  0.30s           2026-06-09T19:51:19
================================================================================
[2026-06-09T19:51:51.137+0000] {manager.py:878} INFO - 
================================================================================
DAG File Processing Stats

File Path                          PID    Runtime      # DAGs    # Errors  Last Runtime    Last Run
---------------------------------  -----  ---------  --------  ----------  --------------  -------------------
/opt/airflow/dags/etl_pipeline.py                           1           0  0.40s           2026-06-09T19:51:50
================================================================================
[2026-06-09T19:52:21.862+0000] {manager.py:878} INFO - 
================================================================================
DAG File Processing Stats

File Path                          PID    Runtime      # DAGs    # Errors  Last Runtime    Last Run
---------------------------------  -----  ---------  --------  ----------  --------------  -------------------
/opt/airflow/dags/etl_pipeline.py                           1           0  0.21s           2026-06-09T19:52:21
================================================================================
[2026-06-09T19:52:52.328+0000] {manager.py:878} INFO - 
================================================================================
DAG File Processing Stats

File Path                          PID    Runtime      # DAGs    # Errors  Last Runtime    Last Run
---------------------------------  -----  ---------  --------  ----------  --------------  -------------------
/opt/airflow/dags/etl_pipeline.py                           1           0  0.31s           2026-06-09T19:52:51
================================================================================
[2026-06-09T19:53:22.802+0000] {manager.py:878} INFO - 
================================================================================
DAG File Processing Stats

File Path                          PID    Runtime      # DAGs    # Errors  Last Runtime    Last Run
---------------------------------  -----  ---------  --------  ----------  --------------  -------------------
/opt/airflow/dags/etl_pipeline.py                           1           0  0.44s           2026-06-09T19:53:22
================================================================================
[2026-06-09T19:53:53.101+0000] {manager.py:878} INFO - 
================================================================================
DAG File Processing Stats

File Path                          PID    Runtime      # DAGs    # Errors  Last Runtime    Last Run
---------------------------------  -----  ---------  --------  ----------  --------------  -------------------
/opt/airflow/dags/etl_pipeline.py                           1           0  0.18s           2026-06-09T19:53:52
================================================================================
[2026-06-09T19:54:23.571+0000] {manager.py:878} INFO - 
================================================================================
DAG File Processing Stats

File Path                          PID    Runtime      # DAGs    # Errors  Last Runtime    Last Run
---------------------------------  -----  ---------  --------  ----------  --------------  -------------------
/opt/airflow/dags/etl_pipeline.py                           1           0  0.34s           2026-06-09T19:54:22
================================================================================
[2026-06-09T19:54:54.079+0000] {manager.py:878} INFO - 
================================================================================
DAG File Processing Stats

File Path                          PID    Runtime      # DAGs    # Errors  Last Runtime    Last Run
---------------------------------  -----  ---------  --------  ----------  --------------  -------------------
/opt/airflow/dags/etl_pipeline.py                           1           0  0.28s           2026-06-09T19:54:53
================================================================================
[2026-06-09T19:55:24.506+0000] {manager.py:878} INFO - 
================================================================================
DAG File Processing Stats

File Path                          PID    Runtime      # DAGs    # Errors  Last Runtime    Last Run
---------------------------------  -----  ---------  --------  ----------  --------------  -------------------
/opt/airflow/dags/etl_pipeline.py                           1           0  0.29s           2026-06-09T19:55:23
================================================================================
[2026-06-09T19:55:54.644+0000] {manager.py:878} INFO - 
================================================================================
DAG File Processing Stats

File Path                          PID    Runtime      # DAGs    # Errors  Last Runtime    Last Run
---------------------------------  -----  ---------  --------  ----------  --------------  -------------------
/opt/airflow/dags/etl_pipeline.py                           1           0  0.80s           2026-06-09T19:55:54
================================================================================
[2026-06-09T19:56:10.805+0000] {manager.py:737} INFO - Searching for files in /opt/airflow/dags
[2026-06-09T19:56:10.852+0000] {manager.py:740} INFO - There are 1 files in /opt/airflow/dags
[2026-06-09T19:56:25.065+0000] {manager.py:878} INFO - 
================================================================================
DAG File Processing Stats

File Path                            PID  Runtime      # DAGs    # Errors  Last Runtime    Last Run
---------------------------------  -----  ---------  --------  ----------  --------------  -------------------
/opt/airflow/dags/etl_pipeline.py    459  0.01s             1           0  0.80s           2026-06-09T19:55:54
================================================================================
[2026-06-09T19:56:55.532+0000] {manager.py:878} INFO - 
================================================================================
DAG File Processing Stats

File Path                            PID  Runtime      # DAGs    # Errors  Last Runtime    Last Run
---------------------------------  -----  ---------  --------  ----------  --------------  -------------------
/opt/airflow/dags/etl_pipeline.py    544  0.01s             1           0  0.39s           2026-06-09T19:56:25
================================================================================
[2026-06-09T19:57:26.057+0000] {manager.py:878} INFO - 
================================================================================
DAG File Processing Stats

File Path                            PID  Runtime      # DAGs    # Errors  Last Runtime    Last Run
---------------------------------  -----  ---------  --------  ----------  --------------  -------------------
/opt/airflow/dags/etl_pipeline.py    549  0.02s             1           0  0.38s           2026-06-09T19:56:55
================================================================================
[2026-06-09T19:57:56.332+0000] {manager.py:878} INFO - 
================================================================================
DAG File Processing Stats

File Path                          PID    Runtime      # DAGs    # Errors  Last Runtime    Last Run
---------------------------------  -----  ---------  --------  ----------  --------------  -------------------
/opt/airflow/dags/etl_pipeline.py                           1           0  0.61s           2026-06-09T19:57:26
================================================================================
[2026-06-09T19:58:26.724+0000] {manager.py:878} INFO - 
================================================================================
DAG File Processing Stats

File Path                          PID    Runtime      # DAGs    # Errors  Last Runtime    Last Run
---------------------------------  -----  ---------  --------  ----------  --------------  -------------------
/opt/airflow/dags/etl_pipeline.py                           1           0  0.72s           2026-06-09T19:57:57
================================================================================
[2026-06-09T19:58:57.297+0000] {manager.py:878} INFO - 
================================================================================
DAG File Processing Stats

File Path                          PID    Runtime      # DAGs    # Errors  Last Runtime    Last Run
---------------------------------  -----  ---------  --------  ----------  --------------  -------------------
/opt/airflow/dags/etl_pipeline.py                           1           0  0.74s           2026-06-09T19:58:28
================================================================================
[2026-06-09T19:59:28.006+0000] {manager.py:878} INFO - 
================================================================================
DAG File Processing Stats

File Path                          PID    Runtime      # DAGs    # Errors  Last Runtime    Last Run
---------------------------------  -----  ---------  --------  ----------  --------------  -------------------
/opt/airflow/dags/etl_pipeline.py                           1           0  0.48s           2026-06-09T19:59:00
================================================================================
[2026-06-09T19:59:58.350+0000] {manager.py:878} INFO - 
================================================================================
DAG File Processing Stats

File Path                          PID    Runtime      # DAGs    # Errors  Last Runtime    Last Run
---------------------------------  -----  ---------  --------  ----------  --------------  -------------------
/opt/airflow/dags/etl_pipeline.py                           1           0  0.21s           2026-06-09T19:59:30
================================================================================
[2026-06-09T20:00:29.000+0000] {manager.py:878} INFO - 
================================================================================
DAG File Processing Stats

File Path                          PID    Runtime      # DAGs    # Errors  Last Runtime    Last Run
---------------------------------  -----  ---------  --------  ----------  --------------  -------------------
/opt/airflow/dags/etl_pipeline.py                           1           0  0.36s           2026-06-09T20:00:00
================================================================================
[2026-06-09T20:00:59.373+0000] {manager.py:878} INFO - 
================================================================================
DAG File Processing Stats

File Path                          PID    Runtime      # DAGs    # Errors  Last Runtime    Last Run
---------------------------------  -----  ---------  --------  ----------  --------------  -------------------
/opt/airflow/dags/etl_pipeline.py                           1           0  0.46s           2026-06-09T20:00:31
================================================================================
[2026-06-09T20:01:10.888+0000] {manager.py:737} INFO - Searching for files in /opt/airflow/dags
[2026-06-09T20:01:10.918+0000] {manager.py:740} INFO - There are 1 files in /opt/airflow/dags
[2026-06-09T20:01:29.379+0000] {manager.py:878} INFO - 
================================================================================
DAG File Processing Stats

File Path                          PID    Runtime      # DAGs    # Errors  Last Runtime    Last Run
---------------------------------  -----  ---------  --------  ----------  --------------  -------------------
/opt/airflow/dags/etl_pipeline.py                           1           0  0.36s           2026-06-09T20:01:02
================================================================================
[2026-06-09T20:01:59.677+0000] {manager.py:878} INFO - 
================================================================================
DAG File Processing Stats

File Path                          PID    Runtime      # DAGs    # Errors  Last Runtime    Last Run
---------------------------------  -----  ---------  --------  ----------  --------------  -------------------
/opt/airflow/dags/etl_pipeline.py                           1           0  0.58s           2026-06-09T20:01:33
================================================================================
[2026-06-09T20:02:29.903+0000] {manager.py:878} INFO - 
================================================================================
DAG File Processing Stats

File Path                          PID    Runtime      # DAGs    # Errors  Last Runtime    Last Run
---------------------------------  -----  ---------  --------  ----------  --------------  -------------------
/opt/airflow/dags/etl_pipeline.py                           1           0  0.34s           2026-06-09T20:02:03
================================================================================
[2026-06-09T20:03:00.223+0000] {manager.py:878} INFO - 
================================================================================
DAG File Processing Stats

File Path                          PID    Runtime      # DAGs    # Errors  Last Runtime    Last Run
---------------------------------  -----  ---------  --------  ----------  --------------  -------------------
/opt/airflow/dags/etl_pipeline.py                           1           0  0.32s           2026-06-09T20:02:34
================================================================================
[2026-06-09T20:03:30.804+0000] {manager.py:878} INFO - 
================================================================================
DAG File Processing Stats

File Path                          PID    Runtime      # DAGs    # Errors  Last Runtime    Last Run
---------------------------------  -----  ---------  --------  ----------  --------------  -------------------
/opt/airflow/dags/etl_pipeline.py                           1           0  0.30s           2026-06-09T20:03:04
================================================================================
[2026-06-09T20:04:01.374+0000] {manager.py:878} INFO - 
================================================================================
DAG File Processing Stats

File Path                          PID    Runtime      # DAGs    # Errors  Last Runtime    Last Run
---------------------------------  -----  ---------  --------  ----------  --------------  -------------------
/opt/airflow/dags/etl_pipeline.py                           1           0  0.29s           2026-06-09T20:03:35
================================================================================
[2026-06-09T20:04:31.991+0000] {manager.py:878} INFO - 
================================================================================
DAG File Processing Stats

File Path                          PID    Runtime      # DAGs    # Errors  Last Runtime    Last Run
---------------------------------  -----  ---------  --------  ----------  --------------  -------------------
/opt/airflow/dags/etl_pipeline.py                           1           0  0.53s           2026-06-09T20:04:05
================================================================================
[2026-06-09T20:05:02.577+0000] {manager.py:878} INFO - 
================================================================================
DAG File Processing Stats

File Path                          PID    Runtime      # DAGs    # Errors  Last Runtime    Last Run
---------------------------------  -----  ---------  --------  ----------  --------------  -------------------
/opt/airflow/dags/etl_pipeline.py                           1           0  0.43s           2026-06-09T20:04:36
================================================================================
[2026-06-09T20:05:33.096+0000] {manager.py:878} INFO - 
================================================================================
DAG File Processing Stats

File Path                          PID    Runtime      # DAGs    # Errors  Last Runtime    Last Run
---------------------------------  -----  ---------  --------  ----------  --------------  -------------------
/opt/airflow/dags/etl_pipeline.py                           1           0  0.83s           2026-06-09T20:05:07
================================================================================
[2026-06-09T20:06:03.689+0000] {manager.py:878} INFO - 
================================================================================
DAG File Processing Stats

File Path                          PID    Runtime      # DAGs    # Errors  Last Runtime    Last Run
---------------------------------  -----  ---------  --------  ----------  --------------  -------------------
/opt/airflow/dags/etl_pipeline.py                           1           0  0.36s           2026-06-09T20:05:38
================================================================================
[2026-06-09T20:06:11.030+0000] {manager.py:737} INFO - Searching for files in /opt/airflow/dags
[2026-06-09T20:06:11.082+0000] {manager.py:740} INFO - There are 1 files in /opt/airflow/dags
[2026-06-09T20:06:34.388+0000] {manager.py:878} INFO - 
================================================================================
DAG File Processing Stats

File Path                          PID    Runtime      # DAGs    # Errors  Last Runtime    Last Run
---------------------------------  -----  ---------  --------  ----------  --------------  -------------------
/opt/airflow/dags/etl_pipeline.py                           1           0  0.31s           2026-06-09T20:06:09
================================================================================
[2026-06-09T20:07:04.813+0000] {manager.py:878} INFO - 
================================================================================
DAG File Processing Stats

File Path                          PID    Runtime      # DAGs    # Errors  Last Runtime    Last Run
---------------------------------  -----  ---------  --------  ----------  --------------  -------------------
/opt/airflow/dags/etl_pipeline.py                           1           0  0.58s           2026-06-09T20:06:40
================================================================================
[2026-06-09T20:07:35.072+0000] {manager.py:878} INFO - 
================================================================================
DAG File Processing Stats

File Path                          PID    Runtime      # DAGs    # Errors  Last Runtime    Last Run
---------------------------------  -----  ---------  --------  ----------  --------------  -------------------
/opt/airflow/dags/etl_pipeline.py                           1           0  0.42s           2026-06-09T20:07:10
================================================================================
[2026-06-09T20:08:05.428+0000] {manager.py:878} INFO - 
================================================================================
DAG File Processing Stats

File Path                          PID    Runtime      # DAGs    # Errors  Last Runtime    Last Run
---------------------------------  -----  ---------  --------  ----------  --------------  -------------------
/opt/airflow/dags/etl_pipeline.py                           1           0  0.44s           2026-06-09T20:07:41
================================================================================
[2026-06-09T20:08:36.136+0000] {manager.py:878} INFO - 
================================================================================
DAG File Processing Stats

File Path                          PID    Runtime      # DAGs    # Errors  Last Runtime    Last Run
---------------------------------  -----  ---------  --------  ----------  --------------  -------------------
/opt/airflow/dags/etl_pipeline.py                           1           0  0.23s           2026-06-09T20:08:12
================================================================================
[2026-06-09T20:09:06.695+0000] {manager.py:878} INFO - 
================================================================================
DAG File Processing Stats

File Path                          PID    Runtime      # DAGs    # Errors  Last Runtime    Last Run
---------------------------------  -----  ---------  --------  ----------  --------------  -------------------
/opt/airflow/dags/etl_pipeline.py                           1           0  0.60s           2026-06-09T20:08:42
================================================================================
[2026-06-09T20:09:36.750+0000] {manager.py:878} INFO - 
================================================================================
DAG File Processing Stats

File Path                          PID    Runtime      # DAGs    # Errors  Last Runtime    Last Run
---------------------------------  -----  ---------  --------  ----------  --------------  -------------------
/opt/airflow/dags/etl_pipeline.py                           1           0  0.35s           2026-06-09T20:09:13
================================================================================
[2026-06-09T20:10:07.104+0000] {manager.py:878} INFO - 
================================================================================
DAG File Processing Stats

File Path                          PID    Runtime      # DAGs    # Errors  Last Runtime    Last Run
---------------------------------  -----  ---------  --------  ----------  --------------  -------------------
/opt/airflow/dags/etl_pipeline.py                           1           0  0.47s           2026-06-09T20:09:44
================================================================================
[2026-06-09T20:10:37.261+0000] {manager.py:878} INFO - 
================================================================================
DAG File Processing Stats

File Path                          PID    Runtime      # DAGs    # Errors  Last Runtime    Last Run
---------------------------------  -----  ---------  --------  ----------  --------------  -------------------
/opt/airflow/dags/etl_pipeline.py                           1           0  0.39s           2026-06-09T20:10:15
================================================================================
[2026-06-09T20:11:07.589+0000] {manager.py:878} INFO - 
================================================================================
DAG File Processing Stats

File Path                          PID    Runtime      # DAGs    # Errors  Last Runtime    Last Run
---------------------------------  -----  ---------  --------  ----------  --------------  -------------------
/opt/airflow/dags/etl_pipeline.py                           1           0  0.32s           2026-06-09T20:10:45
================================================================================
[2026-06-09T20:11:11.632+0000] {manager.py:737} INFO - Searching for files in /opt/airflow/dags
[2026-06-09T20:11:11.703+0000] {manager.py:740} INFO - There are 1 files in /opt/airflow/dags
[2026-06-09T20:11:38.221+0000] {manager.py:878} INFO - 
================================================================================
DAG File Processing Stats

File Path                          PID    Runtime      # DAGs    # Errors  Last Runtime    Last Run
---------------------------------  -----  ---------  --------  ----------  --------------  -------------------
/opt/airflow/dags/etl_pipeline.py                           1           0  0.42s           2026-06-09T20:11:16
================================================================================
[2026-06-09T20:12:08.788+0000] {manager.py:878} INFO - 
================================================================================
DAG File Processing Stats

File Path                          PID    Runtime      # DAGs    # Errors  Last Runtime    Last Run
---------------------------------  -----  ---------  --------  ----------  --------------  -------------------
/opt/airflow/dags/etl_pipeline.py                           1           0  0.32s           2026-06-09T20:11:46
================================================================================
[2026-06-09T20:12:39.169+0000] {manager.py:878} INFO - 
================================================================================
DAG File Processing Stats

File Path                          PID    Runtime      # DAGs    # Errors  Last Runtime    Last Run
---------------------------------  -----  ---------  --------  ----------  --------------  -------------------
/opt/airflow/dags/etl_pipeline.py                           1           0  0.29s           2026-06-09T20:12:17
================================================================================
[2026-06-09T20:13:09.809+0000] {manager.py:878} INFO - 
================================================================================
DAG File Processing Stats

File Path                          PID    Runtime      # DAGs    # Errors  Last Runtime    Last Run
---------------------------------  -----  ---------  --------  ----------  --------------  -------------------
/opt/airflow/dags/etl_pipeline.py                           1           0  0.29s           2026-06-09T20:12:47
================================================================================
[2026-06-09T20:13:40.116+0000] {manager.py:878} INFO - 
================================================================================
DAG File Processing Stats

File Path                          PID    Runtime      # DAGs    # Errors  Last Runtime    Last Run
---------------------------------  -----  ---------  --------  ----------  --------------  -------------------
/opt/airflow/dags/etl_pipeline.py                           1           0  0.40s           2026-06-09T20:13:18
================================================================================
[2026-06-09T20:14:10.402+0000] {manager.py:878} INFO - 
================================================================================
DAG File Processing Stats

File Path                          PID    Runtime      # DAGs    # Errors  Last Runtime    Last Run
---------------------------------  -----  ---------  --------  ----------  --------------  -------------------
/opt/airflow/dags/etl_pipeline.py                           1           0  0.55s           2026-06-09T20:13:49
================================================================================
[2026-06-09T20:14:40.732+0000] {manager.py:878} INFO - 
================================================================================
DAG File Processing Stats

File Path                          PID    Runtime      # DAGs    # Errors  Last Runtime    Last Run
---------------------------------  -----  ---------  --------  ----------  --------------  -------------------
/opt/airflow/dags/etl_pipeline.py                           1           0  0.29s           2026-06-09T20:14:19
================================================================================
