[2026-06-09T19:43:21.425+0000] {local_task_job_runner.py:120} INFO - ::group::Pre task execution logs
[2026-06-09T19:43:21.632+0000] {taskinstance.py:2076} INFO - Dependencies all met for dep_context=non-requeueable deps ti=<TaskInstance: etl_pipeline.bronze_extract manual__2026-06-09T19:43:20.133656+00:00 [queued]>
[2026-06-09T19:43:21.668+0000] {taskinstance.py:2076} INFO - Dependencies all met for dep_context=requeueable deps ti=<TaskInstance: etl_pipeline.bronze_extract manual__2026-06-09T19:43:20.133656+00:00 [queued]>
[2026-06-09T19:43:21.670+0000] {taskinstance.py:2306} INFO - Starting attempt 1 of 2
[2026-06-09T19:43:21.729+0000] {taskinstance.py:2330} INFO - Executing <Task(PythonOperator): bronze_extract> on 2026-06-09 19:43:20.133656+00:00
[2026-06-09T19:43:21.777+0000] {logging_mixin.py:188} WARNING - /home/***/.local/lib/python3.12/site-packages/***/task/task_runner/standard_task_runner.py:61 DeprecationWarning: This process (pid=202) is multi-threaded, use of fork() may lead to deadlocks in the child.
[2026-06-09T19:43:21.765+0000] {standard_task_runner.py:90} INFO - Running: ['***', 'tasks', 'run', 'etl_pipeline', 'bronze_extract', 'manual__2026-06-09T19:43:20.133656+00:00', '--job-id', '3', '--raw', '--subdir', 'DAGS_FOLDER/etl_pipeline.py', '--cfg-path', '/tmp/tmp84bwfjuv']
[2026-06-09T19:43:21.779+0000] {standard_task_runner.py:63} INFO - Started process 203 to run task
[2026-06-09T19:43:21.781+0000] {standard_task_runner.py:91} INFO - Job 3: Subtask bronze_extract
[2026-06-09T19:43:22.291+0000] {task_command.py:426} INFO - Running <TaskInstance: etl_pipeline.bronze_extract manual__2026-06-09T19:43:20.133656+00:00 [running]> on host be7661393030
[2026-06-09T19:43:22.797+0000] {taskinstance.py:2648} INFO - Exporting env vars: AIRFLOW_CTX_DAG_OWNER='data-team' AIRFLOW_CTX_DAG_ID='etl_pipeline' AIRFLOW_CTX_TASK_ID='bronze_extract' AIRFLOW_CTX_EXECUTION_DATE='2026-06-09T19:43:20.133656+00:00' AIRFLOW_CTX_TRY_NUMBER='1' AIRFLOW_CTX_DAG_RUN_ID='manual__2026-06-09T19:43:20.133656+00:00'
[2026-06-09T19:43:22.800+0000] {taskinstance.py:430} INFO - ::endgroup::
[2026-06-09T19:44:02.427+0000] {logging_mixin.py:188} INFO - STDERR: /opt/***/scripts/bronze_extract.py:50: DeprecationWarning: datetime.datetime.utcnow() is deprecated and scheduled for removal in a future version. Use timezone-aware objects to represent datetimes in UTC: datetime.datetime.now(datetime.UTC).
  run_date = datetime.utcnow().strftime("%Y-%m-%d")
2026-06-09 19:43:29,429 INFO === Bronze extraction started | run_date=2026-06-09 ===
2026-06-09 19:43:32,022 INFO Extracting users...
/opt/***/scripts/bronze_extract.py:35: UserWarning: pandas only supports SQLAlchemy connectable (engine/connection) or database string URI or sqlite3 DBAPI2 connection. Other DBAPI2 objects are not tested. Please consider using SQLAlchemy.
  df = pd.read_sql(f"SELECT * FROM {table}", conn)
2026-06-09 19:43:56,629 INFO   users: 999,461 rows
Traceback (most recent call last):
  File "/opt/***/scripts/bronze_extract.py", line 67, in <module>
    main()
  File "/opt/***/scripts/bronze_extract.py", line 59, in main
    upload_parquet(client, df, table, run_date)
  File "/opt/***/scripts/bronze_extract.py", line 45, in upload_parquet
    client.put_object(Bucket=S3_BUCKET, Key=key, Body=buf.getvalue())
  File "/home/***/.local/lib/python3.12/site-packages/botocore/client.py", line 565, in _api_call
    return self._make_api_call(operation_name, kwargs)
           ^^^^^^^^^^^^^^^^^^^^^^^^^^^^^^^^^^^^^^^^^^^
  File "/home/***/.local/lib/python3.12/site-packages/botocore/client.py", line 1021, in _make_api_call
    raise error_class(parsed_response, operation_name)
botocore.exceptions.ClientError: An error occurred (AccessDenied) when calling the PutObject operation: User: arn:aws:iam::609789243542:user/cart-api-deploy is not authorized to perform: s3:PutObject on resource: "arn:aws:s3:::cart-api-datalake/bronze/users/run_date=2026-06-09/users.parquet" because no identity-based policy allows the s3:PutObject action
[2026-06-09T19:44:02.429+0000] {taskinstance.py:441} INFO - ::group::Post task execution logs
[2026-06-09T19:44:02.431+0000] {taskinstance.py:2905} ERROR - Task failed with exception
Traceback (most recent call last):
  File "/home/airflow/.local/lib/python3.12/site-packages/airflow/models/taskinstance.py", line 465, in _execute_task
    result = _execute_callable(context=context, **execute_callable_kwargs)
             ^^^^^^^^^^^^^^^^^^^^^^^^^^^^^^^^^^^^^^^^^^^^^^^^^^^^^^^^^^^^^
  File "/home/airflow/.local/lib/python3.12/site-packages/airflow/models/taskinstance.py", line 432, in _execute_callable
    return execute_callable(context=context, **execute_callable_kwargs)
           ^^^^^^^^^^^^^^^^^^^^^^^^^^^^^^^^^^^^^^^^^^^^^^^^^^^^^^^^^^^^
  File "/home/airflow/.local/lib/python3.12/site-packages/airflow/models/baseoperator.py", line 401, in wrapper
    return func(self, *args, **kwargs)
           ^^^^^^^^^^^^^^^^^^^^^^^^^^^
  File "/home/airflow/.local/lib/python3.12/site-packages/airflow/operators/python.py", line 235, in execute
    return_value = self.execute_callable()
                   ^^^^^^^^^^^^^^^^^^^^^^^
  File "/home/airflow/.local/lib/python3.12/site-packages/airflow/operators/python.py", line 252, in execute_callable
    return self.python_callable(*self.op_args, **self.op_kwargs)
           ^^^^^^^^^^^^^^^^^^^^^^^^^^^^^^^^^^^^^^^^^^^^^^^^^^^^^
  File "/opt/airflow/dags/etl_pipeline.py", line 51, in <lambda>
    python_callable=lambda: run_script("bronze_extract.py"),
                            ^^^^^^^^^^^^^^^^^^^^^^^^^^^^^^^
  File "/opt/airflow/dags/etl_pipeline.py", line 36, in run_script
    raise RuntimeError(f"{script_name} failed (exit {result.returncode})")
RuntimeError: bronze_extract.py failed (exit 1)
[2026-06-09T19:44:02.487+0000] {taskinstance.py:1206} INFO - Marking task as UP_FOR_RETRY. dag_id=etl_pipeline, task_id=bronze_extract, run_id=manual__2026-06-09T19:43:20.133656+00:00, execution_date=20260609T194320, start_date=20260609T194321, end_date=20260609T194402
[2026-06-09T19:44:02.574+0000] {standard_task_runner.py:110} ERROR - Failed to execute job 3 for task bronze_extract (bronze_extract.py failed (exit 1); 203)
[2026-06-09T19:44:02.613+0000] {local_task_job_runner.py:240} INFO - Task exited with return code 1
[2026-06-09T19:44:02.671+0000] {taskinstance.py:3503} INFO - 0 downstream tasks scheduled from follow-on schedule check
[2026-06-09T19:44:02.678+0000] {local_task_job_runner.py:222} INFO - ::endgroup::
