[2026-06-09T20:03:59.557+0000] {local_task_job_runner.py:120} INFO - ::group::Pre task execution logs
[2026-06-09T20:03:59.785+0000] {taskinstance.py:2076} INFO - Dependencies all met for dep_context=non-requeueable deps ti=<TaskInstance: etl_pipeline.silver_transform manual__2026-06-09T19:55:41.268346+00:00 [queued]>
[2026-06-09T20:03:59.818+0000] {taskinstance.py:2076} INFO - Dependencies all met for dep_context=requeueable deps ti=<TaskInstance: etl_pipeline.silver_transform manual__2026-06-09T19:55:41.268346+00:00 [queued]>
[2026-06-09T20:03:59.820+0000] {taskinstance.py:2306} INFO - Starting attempt 2 of 2
[2026-06-09T20:03:59.864+0000] {taskinstance.py:2330} INFO - Executing <Task(PythonOperator): silver_transform> on 2026-06-09 19:55:41.268346+00:00
[2026-06-09T20:03:59.878+0000] {standard_task_runner.py:90} INFO - Running: ['***', 'tasks', 'run', 'etl_pipeline', 'silver_transform', 'manual__2026-06-09T19:55:41.268346+00:00', '--job-id', '9', '--raw', '--subdir', 'DAGS_FOLDER/etl_pipeline.py', '--cfg-path', '/tmp/tmpmypjl65v']
[2026-06-09T20:03:59.885+0000] {standard_task_runner.py:91} INFO - Job 9: Subtask silver_transform
[2026-06-09T20:03:59.887+0000] {logging_mixin.py:188} WARNING - /home/***/.local/lib/python3.12/site-packages/***/task/task_runner/standard_task_runner.py:61 DeprecationWarning: This process (pid=929) is multi-threaded, use of fork() may lead to deadlocks in the child.
[2026-06-09T20:03:59.889+0000] {standard_task_runner.py:63} INFO - Started process 930 to run task
[2026-06-09T20:04:00.063+0000] {task_command.py:426} INFO - Running <TaskInstance: etl_pipeline.silver_transform manual__2026-06-09T19:55:41.268346+00:00 [running]> on host be7661393030
[2026-06-09T20:04:00.362+0000] {taskinstance.py:2648} INFO - Exporting env vars: AIRFLOW_CTX_DAG_OWNER='data-team' AIRFLOW_CTX_DAG_ID='etl_pipeline' AIRFLOW_CTX_TASK_ID='silver_transform' AIRFLOW_CTX_EXECUTION_DATE='2026-06-09T19:55:41.268346+00:00' AIRFLOW_CTX_TRY_NUMBER='2' AIRFLOW_CTX_DAG_RUN_ID='manual__2026-06-09T19:55:41.268346+00:00'
[2026-06-09T20:04:00.366+0000] {taskinstance.py:430} INFO - ::endgroup::
[2026-06-09T20:06:07.275+0000] {logging_mixin.py:188} INFO - STDERR: /opt/***/scripts/silver_transform.py:119: DeprecationWarning: datetime.datetime.utcnow() is deprecated and scheduled for removal in a future version. Use timezone-aware objects to represent datetimes in UTC: datetime.datetime.now(datetime.UTC).
  run_date = datetime.utcnow().strftime("%Y-%m-%d")
2026-06-09 20:04:04,620 INFO === Silver transformation started | run_date=2026-06-09 ===
Setting default log level to "WARN".
To adjust logging level use sc.setLogLevel(newLevel). For SparkR, use setLogLevel(newLevel).
26/06/09 20:04:12 WARN NativeCodeLoader: Unable to load native-hadoop library for your platform... using builtin-java classes where applicable
2026-06-09 20:04:14,291 INFO Transforming: users
2026-06-09 20:04:20,042 INFO   users bronze rows: 999,461
26/06/09 20:04:56 WARN TaskSetManager: Stage 0 contains a task of very large size (7605 KiB). The maximum recommended task size is 1000 KiB.

[Stage 0:>                                                          (0 + 3) / 8]

[Stage 0:>                                                          (0 + 8) / 8]

[Stage 0:=======>                                                   (1 + 7) / 8]

[Stage 2:>                                                          (0 + 8) / 8]

[Stage 2:====================================>                      (5 + 3) / 8]

                                                                                
2026-06-09 20:05:08,028 INFO   users silver rows: 999,461
26/06/09 20:05:08 WARN TaskSetManager: Stage 6 contains a task of very large size (7605 KiB). The maximum recommended task size is 1000 KiB.

[Stage 6:>                                                          (0 + 8) / 8]

[Stage 6:=======>                                                   (1 + 7) / 8]

[Stage 6:=============================>                             (4 + 4) / 8]

[Stage 6:============================================>              (6 + 2) / 8]

[Stage 8:>                                                          (0 + 8) / 8]

[Stage 8:=======>                                                   (1 + 7) / 8]

[Stage 8:============================================>              (6 + 2) / 8]

                                                                                
2026-06-09 20:05:34,945 INFO   Uploaded → s3://cart-api-datalake/silver/users/run_date=2026-06-09/users.parquet
2026-06-09 20:05:34,945 INFO Transforming: products
2026-06-09 20:05:36,749 INFO   products bronze rows: 500,000
26/06/09 20:05:51 WARN TaskSetManager: Stage 9 contains a task of very large size (1922 KiB). The maximum recommended task size is 1000 KiB.

[Stage 9:>                                                          (0 + 8) / 8]

[Stage 9:=======>                                                   (1 + 7) / 8]

                                                                                
2026-06-09 20:05:55,854 INFO   products silver rows: 500,000
26/06/09 20:05:56 WARN TaskSetManager: Stage 15 contains a task of very large size (1922 KiB). The maximum recommended task size is 1000 KiB.

[Stage 15:>                                                         (0 + 8) / 8]

[Stage 15:====================================>                     (5 + 3) / 8]

[Stage 17:====================================>                     (5 + 3) / 8]

                                                                                
2026-06-09 20:06:06,028 INFO   Uploaded → s3://cart-api-datalake/silver/products/run_date=2026-06-09/products.parquet
2026-06-09 20:06:06,029 INFO Transforming: product_variants
2026-06-09 20:06:06,306 INFO   product_variants bronze rows: 0
Traceback (most recent call last):
  File "/opt/***/scripts/silver_transform.py", line 137, in <module>
    main()
  File "/opt/***/scripts/silver_transform.py", line 128, in main
    df_clean = transform_fn(spark, raw)
               ^^^^^^^^^^^^^^^^^^^^^^^^
  File "/opt/***/scripts/silver_transform.py", line 86, in clean_product_variants
    df = spark.createDataFrame(raw)
         ^^^^^^^^^^^^^^^^^^^^^^^^^^
  File "/home/***/.local/lib/python3.12/site-packages/pyspark/sql/session.py", line 1440, in createDataFrame
    return super(SparkSession, self).createDataFrame(  # type: ignore[call-overload]
           ^^^^^^^^^^^^^^^^^^^^^^^^^^^^^^^^^^^^^^^^^^^^^^^^^^^^^^^^^^^^^^^^^^^^^^^^^
  File "/home/***/.local/lib/python3.12/site-packages/pyspark/sql/pandas/conversion.py", line 363, in createDataFrame
    return self._create_dataframe(converted_data, schema, samplingRatio, verifySchema)
           ^^^^^^^^^^^^^^^^^^^^^^^^^^^^^^^^^^^^^^^^^^^^^^^^^^^^^^^^^^^^^^^^^^^^^^^^^^^
  File "/home/***/.local/lib/python3.12/site-packages/pyspark/sql/session.py", line 1485, in _create_dataframe
    rdd, struct = self._createFromLocal(map(prepare, data), schema)
                  ^^^^^^^^^^^^^^^^^^^^^^^^^^^^^^^^^^^^^^^^^^^^^^^^^
  File "/home/***/.local/lib/python3.12/site-packages/pyspark/sql/session.py", line 1093, in _createFromLocal
    struct = self._inferSchemaFromList(data, names=schema)
             ^^^^^^^^^^^^^^^^^^^^^^^^^^^^^^^^^^^^^^^^^^^^^
  File "/home/***/.local/lib/python3.12/site-packages/pyspark/sql/session.py", line 948, in _inferSchemaFromList
    raise PySparkValueError(
pyspark.errors.exceptions.base.PySparkValueError: [CANNOT_INFER_EMPTY_SCHEMA] Can not infer schema from empty dataset.
2026-06-09 20:06:06,337 INFO Closing down clientserver connection
[2026-06-09T20:06:07.277+0000] {taskinstance.py:441} INFO - ::group::Post task execution logs
[2026-06-09T20:06:07.278+0000] {taskinstance.py:2905} ERROR - Task failed with exception
Traceback (most recent call last):
  File "/home/airflow/.local/lib/python3.12/site-packages/airflow/models/taskinstance.py", line 465, in _execute_task
    result = _execute_callable(context=context, **execute_callable_kwargs)
             ^^^^^^^^^^^^^^^^^^^^^^^^^^^^^^^^^^^^^^^^^^^^^^^^^^^^^^^^^^^^^
  File "/home/airflow/.local/lib/python3.12/site-packages/airflow/models/taskinstance.py", line 432, in _execute_callable
    return execute_callable(context=context, **execute_callable_kwargs)
           ^^^^^^^^^^^^^^^^^^^^^^^^^^^^^^^^^^^^^^^^^^^^^^^^^^^^^^^^^^^^
  File "/home/airflow/.local/lib/python3.12/site-packages/airflow/models/baseoperator.py", line 401, in wrapper
    return func(self, *args, **kwargs)
           ^^^^^^^^^^^^^^^^^^^^^^^^^^^
  File "/home/airflow/.local/lib/python3.12/site-packages/airflow/operators/python.py", line 235, in execute
    return_value = self.execute_callable()
                   ^^^^^^^^^^^^^^^^^^^^^^^
  File "/home/airflow/.local/lib/python3.12/site-packages/airflow/operators/python.py", line 252, in execute_callable
    return self.python_callable(*self.op_args, **self.op_kwargs)
           ^^^^^^^^^^^^^^^^^^^^^^^^^^^^^^^^^^^^^^^^^^^^^^^^^^^^^
  File "/opt/airflow/dags/etl_pipeline.py", line 56, in <lambda>
    python_callable=lambda: run_script("silver_transform.py"),
                            ^^^^^^^^^^^^^^^^^^^^^^^^^^^^^^^^^
  File "/opt/airflow/dags/etl_pipeline.py", line 36, in run_script
    raise RuntimeError(f"{script_name} failed (exit {result.returncode})")
RuntimeError: silver_transform.py failed (exit 1)
[2026-06-09T20:06:07.304+0000] {taskinstance.py:1206} INFO - Marking task as FAILED. dag_id=etl_pipeline, task_id=silver_transform, run_id=manual__2026-06-09T19:55:41.268346+00:00, execution_date=20260609T195541, start_date=20260609T200359, end_date=20260609T200607
[2026-06-09T20:06:07.331+0000] {standard_task_runner.py:110} ERROR - Failed to execute job 9 for task silver_transform (silver_transform.py failed (exit 1); 930)
[2026-06-09T20:06:07.362+0000] {local_task_job_runner.py:240} INFO - Task exited with return code 1
[2026-06-09T20:06:07.404+0000] {taskinstance.py:3503} INFO - 0 downstream tasks scheduled from follow-on schedule check
[2026-06-09T20:06:07.412+0000] {local_task_job_runner.py:222} INFO - ::endgroup::
