[2026-06-13T07:57:40.365+0000] {local_task_job_runner.py:120} INFO - ::group::Pre task execution logs
[2026-06-13T07:57:40.662+0000] {taskinstance.py:2076} INFO - Dependencies all met for dep_context=non-requeueable deps ti=<TaskInstance: etl_pipeline.bronze_extract scheduled__2026-06-12T02:00:00+00:00 [queued]>
[2026-06-13T07:57:40.701+0000] {taskinstance.py:2076} INFO - Dependencies all met for dep_context=requeueable deps ti=<TaskInstance: etl_pipeline.bronze_extract scheduled__2026-06-12T02:00:00+00:00 [queued]>
[2026-06-13T07:57:40.709+0000] {taskinstance.py:2306} INFO - Starting attempt 1 of 2
[2026-06-13T07:57:40.805+0000] {taskinstance.py:2330} INFO - Executing <Task(PythonOperator): bronze_extract> on 2026-06-12 02:00:00+00:00
[2026-06-13T07:57:40.922+0000] {logging_mixin.py:188} WARNING - /home/***/.local/lib/python3.12/site-packages/***/task/task_runner/standard_task_runner.py:61 DeprecationWarning: This process (pid=17702) is multi-threaded, use of fork() may lead to deadlocks in the child.
[2026-06-13T07:57:40.945+0000] {standard_task_runner.py:63} INFO - Started process 17708 to run task
[2026-06-13T07:57:40.945+0000] {standard_task_runner.py:90} INFO - Running: ['***', 'tasks', 'run', 'etl_pipeline', 'bronze_extract', 'scheduled__2026-06-12T02:00:00+00:00', '--job-id', '24', '--raw', '--subdir', 'DAGS_FOLDER/etl_pipeline.py', '--cfg-path', '/tmp/tmpd8ypmeqd']
[2026-06-13T07:57:41.052+0000] {standard_task_runner.py:91} INFO - Job 24: Subtask bronze_extract
[2026-06-13T07:57:41.738+0000] {task_command.py:426} INFO - Running <TaskInstance: etl_pipeline.bronze_extract scheduled__2026-06-12T02:00:00+00:00 [running]> on host be7661393030
[2026-06-13T07:57:42.564+0000] {taskinstance.py:2648} INFO - Exporting env vars: AIRFLOW_CTX_DAG_OWNER='data-team' AIRFLOW_CTX_DAG_ID='etl_pipeline' AIRFLOW_CTX_TASK_ID='bronze_extract' AIRFLOW_CTX_EXECUTION_DATE='2026-06-12T02:00:00+00:00' AIRFLOW_CTX_TRY_NUMBER='1' AIRFLOW_CTX_DAG_RUN_ID='scheduled__2026-06-12T02:00:00+00:00'
[2026-06-13T07:57:42.569+0000] {taskinstance.py:430} INFO - ::endgroup::
[2026-06-13T10:09:38.282+0000] {logging_mixin.py:188} INFO - STDERR: /opt/***/scripts/bronze_extract.py:50: DeprecationWarning: datetime.datetime.utcnow() is deprecated and scheduled for removal in a future version. Use timezone-aware objects to represent datetimes in UTC: datetime.datetime.now(datetime.UTC).
  run_date = datetime.utcnow().strftime("%Y-%m-%d")
2026-06-13 10:09:35,556 INFO === Bronze extraction started | run_date=2026-06-13 ===
Traceback (most recent call last):
  File "/opt/***/scripts/bronze_extract.py", line 67, in <module>
    main()
  File "/opt/***/scripts/bronze_extract.py", line 54, in main
    conn   = psycopg2.connect(DATABASE_URL)
             ^^^^^^^^^^^^^^^^^^^^^^^^^^^^^^
  File "/home/***/.local/lib/python3.12/site-packages/psycopg2/__init__.py", line 122, in connect
    conn = _connect(dsn, connection_factory=connection_factory, **kwasync)
           ^^^^^^^^^^^^^^^^^^^^^^^^^^^^^^^^^^^^^^^^^^^^^^^^^^^^^^^^^^^^^^^
psycopg2.OperationalError: could not translate host name "cart-db.c3as80a6y0u6.eu-north-1.rds.amazonaws.com" to address: Name or service not known
[2026-06-13T10:09:38.284+0000] {taskinstance.py:441} INFO - ::group::Post task execution logs
[2026-06-13T10:09:38.287+0000] {taskinstance.py:2905} ERROR - Task failed with exception
Traceback (most recent call last):
  File "/home/airflow/.local/lib/python3.12/site-packages/airflow/models/taskinstance.py", line 465, in _execute_task
    result = _execute_callable(context=context, **execute_callable_kwargs)
             ^^^^^^^^^^^^^^^^^^^^^^^^^^^^^^^^^^^^^^^^^^^^^^^^^^^^^^^^^^^^^
  File "/home/airflow/.local/lib/python3.12/site-packages/airflow/models/taskinstance.py", line 432, in _execute_callable
    return execute_callable(context=context, **execute_callable_kwargs)
           ^^^^^^^^^^^^^^^^^^^^^^^^^^^^^^^^^^^^^^^^^^^^^^^^^^^^^^^^^^^^
  File "/home/airflow/.local/lib/python3.12/site-packages/airflow/models/baseoperator.py", line 401, in wrapper
    return func(self, *args, **kwargs)
           ^^^^^^^^^^^^^^^^^^^^^^^^^^^
  File "/home/airflow/.local/lib/python3.12/site-packages/airflow/operators/python.py", line 235, in execute
    return_value = self.execute_callable()
                   ^^^^^^^^^^^^^^^^^^^^^^^
  File "/home/airflow/.local/lib/python3.12/site-packages/airflow/operators/python.py", line 252, in execute_callable
    return self.python_callable(*self.op_args, **self.op_kwargs)
           ^^^^^^^^^^^^^^^^^^^^^^^^^^^^^^^^^^^^^^^^^^^^^^^^^^^^^
  File "/opt/airflow/dags/etl_pipeline.py", line 51, in <lambda>
    python_callable=lambda: run_script("bronze_extract.py"),
                            ^^^^^^^^^^^^^^^^^^^^^^^^^^^^^^^
  File "/opt/airflow/dags/etl_pipeline.py", line 36, in run_script
    raise RuntimeError(f"{script_name} failed (exit {result.returncode})")
RuntimeError: bronze_extract.py failed (exit 1)
[2026-06-13T10:09:38.390+0000] {taskinstance.py:1206} INFO - Marking task as UP_FOR_RETRY. dag_id=etl_pipeline, task_id=bronze_extract, run_id=scheduled__2026-06-12T02:00:00+00:00, execution_date=20260612T020000, start_date=20260613T075740, end_date=20260613T100938
[2026-06-13T10:09:38.460+0000] {standard_task_runner.py:110} ERROR - Failed to execute job 24 for task bronze_extract (bronze_extract.py failed (exit 1); 17708)
[2026-06-13T10:09:38.524+0000] {local_task_job_runner.py:240} INFO - Task exited with return code 1
[2026-06-13T10:09:38.568+0000] {local_task_job_runner.py:222} INFO - ::endgroup::
