[2026-06-14T08:37:56.802+0000] {local_task_job_runner.py:120} INFO - ::group::Pre task execution logs
[2026-06-14T08:37:57.031+0000] {taskinstance.py:2076} INFO - Dependencies all met for dep_context=non-requeueable deps ti=<TaskInstance: etl_pipeline.bronze_extract scheduled__2026-06-13T02:00:00+00:00 [queued]>
[2026-06-14T08:37:57.132+0000] {taskinstance.py:2076} INFO - Dependencies all met for dep_context=requeueable deps ti=<TaskInstance: etl_pipeline.bronze_extract scheduled__2026-06-13T02:00:00+00:00 [queued]>
[2026-06-14T08:37:57.147+0000] {taskinstance.py:2306} INFO - Starting attempt 1 of 2
[2026-06-14T08:37:57.216+0000] {taskinstance.py:2330} INFO - Executing <Task(PythonOperator): bronze_extract> on 2026-06-13 02:00:00+00:00
[2026-06-14T08:37:57.237+0000] {standard_task_runner.py:90} INFO - Running: ['***', 'tasks', 'run', 'etl_pipeline', 'bronze_extract', 'scheduled__2026-06-13T02:00:00+00:00', '--job-id', '28', '--raw', '--subdir', 'DAGS_FOLDER/etl_pipeline.py', '--cfg-path', '/tmp/tmpb85srxba']
[2026-06-14T08:37:57.253+0000] {standard_task_runner.py:91} INFO - Job 28: Subtask bronze_extract
[2026-06-14T08:37:57.291+0000] {logging_mixin.py:188} WARNING - /home/***/.local/lib/python3.12/site-packages/***/task/task_runner/standard_task_runner.py:61 DeprecationWarning: This process (pid=21607) is multi-threaded, use of fork() may lead to deadlocks in the child.
[2026-06-14T08:37:57.292+0000] {standard_task_runner.py:63} INFO - Started process 21610 to run task
[2026-06-14T08:37:57.504+0000] {task_command.py:426} INFO - Running <TaskInstance: etl_pipeline.bronze_extract scheduled__2026-06-13T02:00:00+00:00 [running]> on host be7661393030
[2026-06-14T08:37:58.222+0000] {taskinstance.py:2648} INFO - Exporting env vars: AIRFLOW_CTX_DAG_OWNER='data-team' AIRFLOW_CTX_DAG_ID='etl_pipeline' AIRFLOW_CTX_TASK_ID='bronze_extract' AIRFLOW_CTX_EXECUTION_DATE='2026-06-13T02:00:00+00:00' AIRFLOW_CTX_TRY_NUMBER='1' AIRFLOW_CTX_DAG_RUN_ID='scheduled__2026-06-13T02:00:00+00:00'
[2026-06-14T08:37:58.225+0000] {taskinstance.py:430} INFO - ::endgroup::
[2026-06-15T05:48:12.164+0000] {logging_mixin.py:188} INFO - STDERR: /opt/***/scripts/bronze_extract.py:50: DeprecationWarning: datetime.datetime.utcnow() is deprecated and scheduled for removal in a future version. Use timezone-aware objects to represent datetimes in UTC: datetime.datetime.now(datetime.UTC).
  run_date = datetime.utcnow().strftime("%Y-%m-%d")
2026-06-15 05:48:09,697 INFO === Bronze extraction started | run_date=2026-06-15 ===
Traceback (most recent call last):
  File "/opt/***/scripts/bronze_extract.py", line 67, in <module>
    main()
  File "/opt/***/scripts/bronze_extract.py", line 54, in main
    conn   = psycopg2.connect(DATABASE_URL)
             ^^^^^^^^^^^^^^^^^^^^^^^^^^^^^^
  File "/home/***/.local/lib/python3.12/site-packages/psycopg2/__init__.py", line 122, in connect
    conn = _connect(dsn, connection_factory=connection_factory, **kwasync)
           ^^^^^^^^^^^^^^^^^^^^^^^^^^^^^^^^^^^^^^^^^^^^^^^^^^^^^^^^^^^^^^^
psycopg2.OperationalError: could not translate host name "cart-db.c3as80a6y0u6.eu-north-1.rds.amazonaws.com" to address: Name or service not known
[2026-06-15T05:48:12.174+0000] {taskinstance.py:441} INFO - ::group::Post task execution logs
[2026-06-15T05:48:12.179+0000] {taskinstance.py:2905} ERROR - Task failed with exception
Traceback (most recent call last):
  File "/home/airflow/.local/lib/python3.12/site-packages/airflow/models/taskinstance.py", line 465, in _execute_task
    result = _execute_callable(context=context, **execute_callable_kwargs)
             ^^^^^^^^^^^^^^^^^^^^^^^^^^^^^^^^^^^^^^^^^^^^^^^^^^^^^^^^^^^^^
  File "/home/airflow/.local/lib/python3.12/site-packages/airflow/models/taskinstance.py", line 432, in _execute_callable
    return execute_callable(context=context, **execute_callable_kwargs)
           ^^^^^^^^^^^^^^^^^^^^^^^^^^^^^^^^^^^^^^^^^^^^^^^^^^^^^^^^^^^^
  File "/home/airflow/.local/lib/python3.12/site-packages/airflow/models/baseoperator.py", line 401, in wrapper
    return func(self, *args, **kwargs)
           ^^^^^^^^^^^^^^^^^^^^^^^^^^^
  File "/home/airflow/.local/lib/python3.12/site-packages/airflow/operators/python.py", line 235, in execute
    return_value = self.execute_callable()
                   ^^^^^^^^^^^^^^^^^^^^^^^
  File "/home/airflow/.local/lib/python3.12/site-packages/airflow/operators/python.py", line 252, in execute_callable
    return self.python_callable(*self.op_args, **self.op_kwargs)
           ^^^^^^^^^^^^^^^^^^^^^^^^^^^^^^^^^^^^^^^^^^^^^^^^^^^^^
  File "/opt/airflow/dags/etl_pipeline.py", line 51, in <lambda>
    python_callable=lambda: run_script("bronze_extract.py"),
                            ^^^^^^^^^^^^^^^^^^^^^^^^^^^^^^^
  File "/opt/airflow/dags/etl_pipeline.py", line 36, in run_script
    raise RuntimeError(f"{script_name} failed (exit {result.returncode})")
RuntimeError: bronze_extract.py failed (exit 1)
[2026-06-15T05:48:12.283+0000] {taskinstance.py:1206} INFO - Marking task as FAILED. dag_id=etl_pipeline, task_id=bronze_extract, run_id=scheduled__2026-06-13T02:00:00+00:00, execution_date=20260613T020000, start_date=20260614T083757, end_date=20260615T054812
[2026-06-15T05:48:12.344+0000] {standard_task_runner.py:110} ERROR - Failed to execute job 28 for task bronze_extract (bronze_extract.py failed (exit 1); 21610)
[2026-06-15T05:48:12.382+0000] {local_task_job_runner.py:240} INFO - Task exited with return code 1
[2026-06-15T05:48:12.495+0000] {taskinstance.py:3503} INFO - 0 downstream tasks scheduled from follow-on schedule check
[2026-06-15T05:48:12.518+0000] {local_task_job_runner.py:222} INFO - ::endgroup::
