[2026-06-09T19:41:09.997+0000] {processor.py:161} INFO - Started process (PID=176) to work on /opt/airflow/dags/etl_pipeline.py
[2026-06-09T19:41:10.000+0000] {processor.py:830} INFO - Processing file /opt/airflow/dags/etl_pipeline.py for tasks to queue
[2026-06-09T19:41:10.008+0000] {logging_mixin.py:188} INFO - [2026-06-09T19:41:10.006+0000] {dagbag.py:545} INFO - Filling up the DagBag from /opt/airflow/dags/etl_pipeline.py
[2026-06-09T19:41:10.164+0000] {processor.py:840} INFO - DAG(s) 'etl_pipeline' retrieved from /opt/airflow/dags/etl_pipeline.py
[2026-06-09T19:41:11.183+0000] {logging_mixin.py:188} INFO - [2026-06-09T19:41:11.181+0000] {override.py:1829} INFO - Created Permission View: can read on DAG:etl_pipeline
[2026-06-09T19:41:11.232+0000] {logging_mixin.py:188} INFO - [2026-06-09T19:41:11.231+0000] {override.py:1829} INFO - Created Permission View: can edit on DAG:etl_pipeline
[2026-06-09T19:41:11.261+0000] {logging_mixin.py:188} INFO - [2026-06-09T19:41:11.259+0000] {override.py:1829} INFO - Created Permission View: can delete on DAG:etl_pipeline
[2026-06-09T19:41:11.263+0000] {logging_mixin.py:188} INFO - [2026-06-09T19:41:11.262+0000] {dag.py:3096} INFO - Sync 1 DAGs
[2026-06-09T19:41:11.308+0000] {logging_mixin.py:188} INFO - [2026-06-09T19:41:11.308+0000] {dag.py:3118} INFO - Creating ORM DAG for etl_pipeline
[2026-06-09T19:41:11.355+0000] {logging_mixin.py:188} INFO - [2026-06-09T19:41:11.354+0000] {dag.py:3954} INFO - Setting next_dagrun for etl_pipeline to 2026-06-08 02:00:00+00:00, run_after=2026-06-09 02:00:00+00:00
[2026-06-09T19:41:11.451+0000] {processor.py:183} INFO - Processing /opt/airflow/dags/etl_pipeline.py took 1.471 seconds
[2026-06-09T19:41:34.869+0000] {processor.py:161} INFO - Started process (PID=181) to work on /opt/airflow/dags/etl_pipeline.py
[2026-06-09T19:41:34.874+0000] {processor.py:830} INFO - Processing file /opt/airflow/dags/etl_pipeline.py for tasks to queue
[2026-06-09T19:41:34.887+0000] {logging_mixin.py:188} INFO - [2026-06-09T19:41:34.885+0000] {dagbag.py:545} INFO - Filling up the DagBag from /opt/airflow/dags/etl_pipeline.py
[2026-06-09T19:41:35.083+0000] {processor.py:840} INFO - DAG(s) 'etl_pipeline' retrieved from /opt/airflow/dags/etl_pipeline.py
[2026-06-09T19:41:35.237+0000] {logging_mixin.py:188} INFO - [2026-06-09T19:41:35.236+0000] {dag.py:3096} INFO - Sync 1 DAGs
[2026-06-09T19:41:35.415+0000] {logging_mixin.py:188} INFO - [2026-06-09T19:41:35.414+0000] {dag.py:3954} INFO - Setting next_dagrun for etl_pipeline to 2026-06-08 02:00:00+00:00, run_after=2026-06-09 02:00:00+00:00
[2026-06-09T19:41:35.603+0000] {processor.py:183} INFO - Processing /opt/airflow/dags/etl_pipeline.py took 0.761 seconds
[2026-06-09T19:42:06.062+0000] {processor.py:161} INFO - Started process (PID=186) to work on /opt/airflow/dags/etl_pipeline.py
[2026-06-09T19:42:06.064+0000] {processor.py:830} INFO - Processing file /opt/airflow/dags/etl_pipeline.py for tasks to queue
[2026-06-09T19:42:06.068+0000] {logging_mixin.py:188} INFO - [2026-06-09T19:42:06.067+0000] {dagbag.py:545} INFO - Filling up the DagBag from /opt/airflow/dags/etl_pipeline.py
[2026-06-09T19:42:06.123+0000] {processor.py:840} INFO - DAG(s) 'etl_pipeline' retrieved from /opt/airflow/dags/etl_pipeline.py
[2026-06-09T19:42:06.216+0000] {logging_mixin.py:188} INFO - [2026-06-09T19:42:06.215+0000] {dag.py:3096} INFO - Sync 1 DAGs
[2026-06-09T19:42:06.280+0000] {logging_mixin.py:188} INFO - [2026-06-09T19:42:06.279+0000] {dag.py:3954} INFO - Setting next_dagrun for etl_pipeline to 2026-06-08 02:00:00+00:00, run_after=2026-06-09 02:00:00+00:00
[2026-06-09T19:42:06.339+0000] {processor.py:183} INFO - Processing /opt/airflow/dags/etl_pipeline.py took 0.288 seconds
[2026-06-09T19:42:36.692+0000] {processor.py:161} INFO - Started process (PID=191) to work on /opt/airflow/dags/etl_pipeline.py
[2026-06-09T19:42:36.694+0000] {processor.py:830} INFO - Processing file /opt/airflow/dags/etl_pipeline.py for tasks to queue
[2026-06-09T19:42:36.698+0000] {logging_mixin.py:188} INFO - [2026-06-09T19:42:36.697+0000] {dagbag.py:545} INFO - Filling up the DagBag from /opt/airflow/dags/etl_pipeline.py
[2026-06-09T19:42:36.736+0000] {processor.py:840} INFO - DAG(s) 'etl_pipeline' retrieved from /opt/airflow/dags/etl_pipeline.py
[2026-06-09T19:42:36.821+0000] {logging_mixin.py:188} INFO - [2026-06-09T19:42:36.821+0000] {dag.py:3096} INFO - Sync 1 DAGs
[2026-06-09T19:42:36.882+0000] {logging_mixin.py:188} INFO - [2026-06-09T19:42:36.882+0000] {dag.py:3954} INFO - Setting next_dagrun for etl_pipeline to 2026-06-08 02:00:00+00:00, run_after=2026-06-09 02:00:00+00:00
[2026-06-09T19:42:36.935+0000] {processor.py:183} INFO - Processing /opt/airflow/dags/etl_pipeline.py took 0.255 seconds
[2026-06-09T19:43:07.273+0000] {processor.py:161} INFO - Started process (PID=196) to work on /opt/airflow/dags/etl_pipeline.py
[2026-06-09T19:43:07.275+0000] {processor.py:830} INFO - Processing file /opt/airflow/dags/etl_pipeline.py for tasks to queue
[2026-06-09T19:43:07.278+0000] {logging_mixin.py:188} INFO - [2026-06-09T19:43:07.277+0000] {dagbag.py:545} INFO - Filling up the DagBag from /opt/airflow/dags/etl_pipeline.py
[2026-06-09T19:43:07.309+0000] {processor.py:840} INFO - DAG(s) 'etl_pipeline' retrieved from /opt/airflow/dags/etl_pipeline.py
[2026-06-09T19:43:07.362+0000] {logging_mixin.py:188} INFO - [2026-06-09T19:43:07.362+0000] {dag.py:3096} INFO - Sync 1 DAGs
[2026-06-09T19:43:07.407+0000] {logging_mixin.py:188} INFO - [2026-06-09T19:43:07.406+0000] {dag.py:3954} INFO - Setting next_dagrun for etl_pipeline to 2026-06-08 02:00:00+00:00, run_after=2026-06-09 02:00:00+00:00
[2026-06-09T19:43:07.451+0000] {processor.py:183} INFO - Processing /opt/airflow/dags/etl_pipeline.py took 0.188 seconds
[2026-06-09T19:43:37.731+0000] {processor.py:161} INFO - Started process (PID=223) to work on /opt/airflow/dags/etl_pipeline.py
[2026-06-09T19:43:37.743+0000] {processor.py:830} INFO - Processing file /opt/airflow/dags/etl_pipeline.py for tasks to queue
[2026-06-09T19:43:37.764+0000] {logging_mixin.py:188} INFO - [2026-06-09T19:43:37.756+0000] {dagbag.py:545} INFO - Filling up the DagBag from /opt/airflow/dags/etl_pipeline.py
[2026-06-09T19:43:37.938+0000] {processor.py:840} INFO - DAG(s) 'etl_pipeline' retrieved from /opt/airflow/dags/etl_pipeline.py
[2026-06-09T19:43:38.268+0000] {logging_mixin.py:188} INFO - [2026-06-09T19:43:38.268+0000] {dag.py:3096} INFO - Sync 1 DAGs
[2026-06-09T19:43:38.441+0000] {logging_mixin.py:188} INFO - [2026-06-09T19:43:38.440+0000] {dag.py:3954} INFO - Setting next_dagrun for etl_pipeline to 2026-06-09 02:00:00+00:00, run_after=2026-06-10 02:00:00+00:00
[2026-06-09T19:43:38.575+0000] {processor.py:183} INFO - Processing /opt/airflow/dags/etl_pipeline.py took 0.929 seconds
[2026-06-09T19:44:08.975+0000] {processor.py:161} INFO - Started process (PID=235) to work on /opt/airflow/dags/etl_pipeline.py
[2026-06-09T19:44:08.977+0000] {processor.py:830} INFO - Processing file /opt/airflow/dags/etl_pipeline.py for tasks to queue
[2026-06-09T19:44:08.983+0000] {logging_mixin.py:188} INFO - [2026-06-09T19:44:08.980+0000] {dagbag.py:545} INFO - Filling up the DagBag from /opt/airflow/dags/etl_pipeline.py
[2026-06-09T19:44:09.038+0000] {processor.py:840} INFO - DAG(s) 'etl_pipeline' retrieved from /opt/airflow/dags/etl_pipeline.py
[2026-06-09T19:44:09.166+0000] {logging_mixin.py:188} INFO - [2026-06-09T19:44:09.165+0000] {dag.py:3096} INFO - Sync 1 DAGs
[2026-06-09T19:44:09.265+0000] {logging_mixin.py:188} INFO - [2026-06-09T19:44:09.265+0000] {dag.py:3954} INFO - Setting next_dagrun for etl_pipeline to 2026-06-09 02:00:00+00:00, run_after=2026-06-10 02:00:00+00:00
[2026-06-09T19:44:09.367+0000] {processor.py:183} INFO - Processing /opt/airflow/dags/etl_pipeline.py took 0.402 seconds
[2026-06-09T19:44:39.782+0000] {processor.py:161} INFO - Started process (PID=240) to work on /opt/airflow/dags/etl_pipeline.py
[2026-06-09T19:44:39.785+0000] {processor.py:830} INFO - Processing file /opt/airflow/dags/etl_pipeline.py for tasks to queue
[2026-06-09T19:44:39.791+0000] {logging_mixin.py:188} INFO - [2026-06-09T19:44:39.790+0000] {dagbag.py:545} INFO - Filling up the DagBag from /opt/airflow/dags/etl_pipeline.py
[2026-06-09T19:44:39.839+0000] {processor.py:840} INFO - DAG(s) 'etl_pipeline' retrieved from /opt/airflow/dags/etl_pipeline.py
[2026-06-09T19:44:39.919+0000] {logging_mixin.py:188} INFO - [2026-06-09T19:44:39.918+0000] {dag.py:3096} INFO - Sync 1 DAGs
[2026-06-09T19:44:39.983+0000] {logging_mixin.py:188} INFO - [2026-06-09T19:44:39.983+0000] {dag.py:3954} INFO - Setting next_dagrun for etl_pipeline to 2026-06-09 02:00:00+00:00, run_after=2026-06-10 02:00:00+00:00
[2026-06-09T19:44:40.043+0000] {processor.py:183} INFO - Processing /opt/airflow/dags/etl_pipeline.py took 0.273 seconds
[2026-06-09T19:45:10.136+0000] {processor.py:161} INFO - Started process (PID=245) to work on /opt/airflow/dags/etl_pipeline.py
[2026-06-09T19:45:10.137+0000] {processor.py:830} INFO - Processing file /opt/airflow/dags/etl_pipeline.py for tasks to queue
[2026-06-09T19:45:10.140+0000] {logging_mixin.py:188} INFO - [2026-06-09T19:45:10.139+0000] {dagbag.py:545} INFO - Filling up the DagBag from /opt/airflow/dags/etl_pipeline.py
[2026-06-09T19:45:10.166+0000] {processor.py:840} INFO - DAG(s) 'etl_pipeline' retrieved from /opt/airflow/dags/etl_pipeline.py
[2026-06-09T19:45:10.215+0000] {logging_mixin.py:188} INFO - [2026-06-09T19:45:10.214+0000] {dag.py:3096} INFO - Sync 1 DAGs
[2026-06-09T19:45:10.251+0000] {logging_mixin.py:188} INFO - [2026-06-09T19:45:10.251+0000] {dag.py:3954} INFO - Setting next_dagrun for etl_pipeline to 2026-06-09 02:00:00+00:00, run_after=2026-06-10 02:00:00+00:00
[2026-06-09T19:45:10.285+0000] {processor.py:183} INFO - Processing /opt/airflow/dags/etl_pipeline.py took 0.158 seconds
[2026-06-09T19:45:40.435+0000] {processor.py:161} INFO - Started process (PID=250) to work on /opt/airflow/dags/etl_pipeline.py
[2026-06-09T19:45:40.437+0000] {processor.py:830} INFO - Processing file /opt/airflow/dags/etl_pipeline.py for tasks to queue
[2026-06-09T19:45:40.443+0000] {logging_mixin.py:188} INFO - [2026-06-09T19:45:40.442+0000] {dagbag.py:545} INFO - Filling up the DagBag from /opt/airflow/dags/etl_pipeline.py
[2026-06-09T19:45:40.487+0000] {processor.py:840} INFO - DAG(s) 'etl_pipeline' retrieved from /opt/airflow/dags/etl_pipeline.py
[2026-06-09T19:45:40.568+0000] {logging_mixin.py:188} INFO - [2026-06-09T19:45:40.568+0000] {dag.py:3096} INFO - Sync 1 DAGs
[2026-06-09T19:45:40.621+0000] {logging_mixin.py:188} INFO - [2026-06-09T19:45:40.620+0000] {dag.py:3954} INFO - Setting next_dagrun for etl_pipeline to 2026-06-09 02:00:00+00:00, run_after=2026-06-10 02:00:00+00:00
[2026-06-09T19:45:40.681+0000] {processor.py:183} INFO - Processing /opt/airflow/dags/etl_pipeline.py took 0.260 seconds
[2026-06-09T19:46:11.123+0000] {processor.py:161} INFO - Started process (PID=255) to work on /opt/airflow/dags/etl_pipeline.py
[2026-06-09T19:46:11.127+0000] {processor.py:830} INFO - Processing file /opt/airflow/dags/etl_pipeline.py for tasks to queue
[2026-06-09T19:46:11.142+0000] {logging_mixin.py:188} INFO - [2026-06-09T19:46:11.139+0000] {dagbag.py:545} INFO - Filling up the DagBag from /opt/airflow/dags/etl_pipeline.py
[2026-06-09T19:46:11.228+0000] {processor.py:840} INFO - DAG(s) 'etl_pipeline' retrieved from /opt/airflow/dags/etl_pipeline.py
[2026-06-09T19:46:11.378+0000] {logging_mixin.py:188} INFO - [2026-06-09T19:46:11.377+0000] {dag.py:3096} INFO - Sync 1 DAGs
[2026-06-09T19:46:11.517+0000] {logging_mixin.py:188} INFO - [2026-06-09T19:46:11.516+0000] {dag.py:3954} INFO - Setting next_dagrun for etl_pipeline to 2026-06-09 02:00:00+00:00, run_after=2026-06-10 02:00:00+00:00
[2026-06-09T19:46:11.648+0000] {processor.py:183} INFO - Processing /opt/airflow/dags/etl_pipeline.py took 0.554 seconds
[2026-06-09T19:46:42.231+0000] {processor.py:161} INFO - Started process (PID=260) to work on /opt/airflow/dags/etl_pipeline.py
[2026-06-09T19:46:42.236+0000] {processor.py:830} INFO - Processing file /opt/airflow/dags/etl_pipeline.py for tasks to queue
[2026-06-09T19:46:42.243+0000] {logging_mixin.py:188} INFO - [2026-06-09T19:46:42.242+0000] {dagbag.py:545} INFO - Filling up the DagBag from /opt/airflow/dags/etl_pipeline.py
[2026-06-09T19:46:42.310+0000] {processor.py:840} INFO - DAG(s) 'etl_pipeline' retrieved from /opt/airflow/dags/etl_pipeline.py
[2026-06-09T19:46:42.474+0000] {logging_mixin.py:188} INFO - [2026-06-09T19:46:42.473+0000] {dag.py:3096} INFO - Sync 1 DAGs
[2026-06-09T19:46:42.584+0000] {logging_mixin.py:188} INFO - [2026-06-09T19:46:42.584+0000] {dag.py:3954} INFO - Setting next_dagrun for etl_pipeline to 2026-06-09 02:00:00+00:00, run_after=2026-06-10 02:00:00+00:00
[2026-06-09T19:46:42.666+0000] {processor.py:183} INFO - Processing /opt/airflow/dags/etl_pipeline.py took 0.459 seconds
[2026-06-09T19:47:12.828+0000] {processor.py:161} INFO - Started process (PID=265) to work on /opt/airflow/dags/etl_pipeline.py
[2026-06-09T19:47:12.831+0000] {processor.py:830} INFO - Processing file /opt/airflow/dags/etl_pipeline.py for tasks to queue
[2026-06-09T19:47:12.836+0000] {logging_mixin.py:188} INFO - [2026-06-09T19:47:12.835+0000] {dagbag.py:545} INFO - Filling up the DagBag from /opt/airflow/dags/etl_pipeline.py
[2026-06-09T19:47:12.891+0000] {processor.py:840} INFO - DAG(s) 'etl_pipeline' retrieved from /opt/airflow/dags/etl_pipeline.py
[2026-06-09T19:47:13.009+0000] {logging_mixin.py:188} INFO - [2026-06-09T19:47:13.007+0000] {dag.py:3096} INFO - Sync 1 DAGs
[2026-06-09T19:47:13.111+0000] {logging_mixin.py:188} INFO - [2026-06-09T19:47:13.110+0000] {dag.py:3954} INFO - Setting next_dagrun for etl_pipeline to 2026-06-09 02:00:00+00:00, run_after=2026-06-10 02:00:00+00:00
[2026-06-09T19:47:13.188+0000] {processor.py:183} INFO - Processing /opt/airflow/dags/etl_pipeline.py took 0.372 seconds
[2026-06-09T19:47:43.503+0000] {processor.py:161} INFO - Started process (PID=270) to work on /opt/airflow/dags/etl_pipeline.py
[2026-06-09T19:47:43.507+0000] {processor.py:830} INFO - Processing file /opt/airflow/dags/etl_pipeline.py for tasks to queue
[2026-06-09T19:47:43.513+0000] {logging_mixin.py:188} INFO - [2026-06-09T19:47:43.512+0000] {dagbag.py:545} INFO - Filling up the DagBag from /opt/airflow/dags/etl_pipeline.py
[2026-06-09T19:47:43.580+0000] {processor.py:840} INFO - DAG(s) 'etl_pipeline' retrieved from /opt/airflow/dags/etl_pipeline.py
[2026-06-09T19:47:43.776+0000] {logging_mixin.py:188} INFO - [2026-06-09T19:47:43.775+0000] {dag.py:3096} INFO - Sync 1 DAGs
[2026-06-09T19:47:43.839+0000] {logging_mixin.py:188} INFO - [2026-06-09T19:47:43.839+0000] {dag.py:3954} INFO - Setting next_dagrun for etl_pipeline to 2026-06-09 02:00:00+00:00, run_after=2026-06-10 02:00:00+00:00
[2026-06-09T19:47:43.900+0000] {processor.py:183} INFO - Processing /opt/airflow/dags/etl_pipeline.py took 0.412 seconds
[2026-06-09T19:48:14.384+0000] {processor.py:161} INFO - Started process (PID=275) to work on /opt/airflow/dags/etl_pipeline.py
[2026-06-09T19:48:14.388+0000] {processor.py:830} INFO - Processing file /opt/airflow/dags/etl_pipeline.py for tasks to queue
[2026-06-09T19:48:14.396+0000] {logging_mixin.py:188} INFO - [2026-06-09T19:48:14.394+0000] {dagbag.py:545} INFO - Filling up the DagBag from /opt/airflow/dags/etl_pipeline.py
[2026-06-09T19:48:14.459+0000] {processor.py:840} INFO - DAG(s) 'etl_pipeline' retrieved from /opt/airflow/dags/etl_pipeline.py
[2026-06-09T19:48:14.581+0000] {logging_mixin.py:188} INFO - [2026-06-09T19:48:14.580+0000] {dag.py:3096} INFO - Sync 1 DAGs
[2026-06-09T19:48:14.677+0000] {logging_mixin.py:188} INFO - [2026-06-09T19:48:14.676+0000] {dag.py:3954} INFO - Setting next_dagrun for etl_pipeline to 2026-06-09 02:00:00+00:00, run_after=2026-06-10 02:00:00+00:00
[2026-06-09T19:48:14.766+0000] {processor.py:183} INFO - Processing /opt/airflow/dags/etl_pipeline.py took 0.402 seconds
[2026-06-09T19:48:45.136+0000] {processor.py:161} INFO - Started process (PID=280) to work on /opt/airflow/dags/etl_pipeline.py
[2026-06-09T19:48:45.138+0000] {processor.py:830} INFO - Processing file /opt/airflow/dags/etl_pipeline.py for tasks to queue
[2026-06-09T19:48:45.143+0000] {logging_mixin.py:188} INFO - [2026-06-09T19:48:45.142+0000] {dagbag.py:545} INFO - Filling up the DagBag from /opt/airflow/dags/etl_pipeline.py
[2026-06-09T19:48:45.183+0000] {processor.py:840} INFO - DAG(s) 'etl_pipeline' retrieved from /opt/airflow/dags/etl_pipeline.py
[2026-06-09T19:48:45.274+0000] {logging_mixin.py:188} INFO - [2026-06-09T19:48:45.273+0000] {dag.py:3096} INFO - Sync 1 DAGs
[2026-06-09T19:48:45.330+0000] {logging_mixin.py:188} INFO - [2026-06-09T19:48:45.330+0000] {dag.py:3954} INFO - Setting next_dagrun for etl_pipeline to 2026-06-09 02:00:00+00:00, run_after=2026-06-10 02:00:00+00:00
[2026-06-09T19:48:45.388+0000] {processor.py:183} INFO - Processing /opt/airflow/dags/etl_pipeline.py took 0.263 seconds
[2026-06-09T19:49:15.934+0000] {processor.py:161} INFO - Started process (PID=299) to work on /opt/airflow/dags/etl_pipeline.py
[2026-06-09T19:49:15.938+0000] {processor.py:830} INFO - Processing file /opt/airflow/dags/etl_pipeline.py for tasks to queue
[2026-06-09T19:49:15.955+0000] {logging_mixin.py:188} INFO - [2026-06-09T19:49:15.950+0000] {dagbag.py:545} INFO - Filling up the DagBag from /opt/airflow/dags/etl_pipeline.py
[2026-06-09T19:49:16.186+0000] {processor.py:840} INFO - DAG(s) 'etl_pipeline' retrieved from /opt/airflow/dags/etl_pipeline.py
[2026-06-09T19:49:16.389+0000] {logging_mixin.py:188} INFO - [2026-06-09T19:49:16.388+0000] {dag.py:3096} INFO - Sync 1 DAGs
[2026-06-09T19:49:16.550+0000] {logging_mixin.py:188} INFO - [2026-06-09T19:49:16.549+0000] {dag.py:3954} INFO - Setting next_dagrun for etl_pipeline to 2026-06-09 02:00:00+00:00, run_after=2026-06-10 02:00:00+00:00
[2026-06-09T19:49:16.695+0000] {processor.py:183} INFO - Processing /opt/airflow/dags/etl_pipeline.py took 0.792 seconds
[2026-06-09T19:49:47.143+0000] {processor.py:161} INFO - Started process (PID=315) to work on /opt/airflow/dags/etl_pipeline.py
[2026-06-09T19:49:47.146+0000] {processor.py:830} INFO - Processing file /opt/airflow/dags/etl_pipeline.py for tasks to queue
[2026-06-09T19:49:47.153+0000] {logging_mixin.py:188} INFO - [2026-06-09T19:49:47.152+0000] {dagbag.py:545} INFO - Filling up the DagBag from /opt/airflow/dags/etl_pipeline.py
[2026-06-09T19:49:47.210+0000] {processor.py:840} INFO - DAG(s) 'etl_pipeline' retrieved from /opt/airflow/dags/etl_pipeline.py
[2026-06-09T19:49:47.309+0000] {logging_mixin.py:188} INFO - [2026-06-09T19:49:47.308+0000] {dag.py:3096} INFO - Sync 1 DAGs
[2026-06-09T19:49:47.382+0000] {logging_mixin.py:188} INFO - [2026-06-09T19:49:47.381+0000] {dag.py:3954} INFO - Setting next_dagrun for etl_pipeline to 2026-06-09 02:00:00+00:00, run_after=2026-06-10 02:00:00+00:00
[2026-06-09T19:49:47.440+0000] {processor.py:183} INFO - Processing /opt/airflow/dags/etl_pipeline.py took 0.318 seconds
[2026-06-09T19:50:17.823+0000] {processor.py:161} INFO - Started process (PID=322) to work on /opt/airflow/dags/etl_pipeline.py
[2026-06-09T19:50:17.826+0000] {processor.py:830} INFO - Processing file /opt/airflow/dags/etl_pipeline.py for tasks to queue
[2026-06-09T19:50:17.832+0000] {logging_mixin.py:188} INFO - [2026-06-09T19:50:17.831+0000] {dagbag.py:545} INFO - Filling up the DagBag from /opt/airflow/dags/etl_pipeline.py
[2026-06-09T19:50:17.878+0000] {processor.py:840} INFO - DAG(s) 'etl_pipeline' retrieved from /opt/airflow/dags/etl_pipeline.py
[2026-06-09T19:50:17.954+0000] {logging_mixin.py:188} INFO - [2026-06-09T19:50:17.953+0000] {dag.py:3096} INFO - Sync 1 DAGs
[2026-06-09T19:50:18.023+0000] {logging_mixin.py:188} INFO - [2026-06-09T19:50:18.023+0000] {dag.py:3954} INFO - Setting next_dagrun for etl_pipeline to 2026-06-09 02:00:00+00:00, run_after=2026-06-10 02:00:00+00:00
[2026-06-09T19:50:18.092+0000] {processor.py:183} INFO - Processing /opt/airflow/dags/etl_pipeline.py took 0.281 seconds
[2026-06-09T19:50:48.550+0000] {processor.py:161} INFO - Started process (PID=327) to work on /opt/airflow/dags/etl_pipeline.py
[2026-06-09T19:50:48.554+0000] {processor.py:830} INFO - Processing file /opt/airflow/dags/etl_pipeline.py for tasks to queue
[2026-06-09T19:50:48.571+0000] {logging_mixin.py:188} INFO - [2026-06-09T19:50:48.564+0000] {dagbag.py:545} INFO - Filling up the DagBag from /opt/airflow/dags/etl_pipeline.py
[2026-06-09T19:50:48.693+0000] {processor.py:840} INFO - DAG(s) 'etl_pipeline' retrieved from /opt/airflow/dags/etl_pipeline.py
[2026-06-09T19:50:48.835+0000] {logging_mixin.py:188} INFO - [2026-06-09T19:50:48.834+0000] {dag.py:3096} INFO - Sync 1 DAGs
[2026-06-09T19:50:48.953+0000] {logging_mixin.py:188} INFO - [2026-06-09T19:50:48.952+0000] {dag.py:3954} INFO - Setting next_dagrun for etl_pipeline to 2026-06-09 02:00:00+00:00, run_after=2026-06-10 02:00:00+00:00
[2026-06-09T19:50:49.064+0000] {processor.py:183} INFO - Processing /opt/airflow/dags/etl_pipeline.py took 0.531 seconds
[2026-06-09T19:51:19.575+0000] {processor.py:161} INFO - Started process (PID=332) to work on /opt/airflow/dags/etl_pipeline.py
[2026-06-09T19:51:19.580+0000] {processor.py:830} INFO - Processing file /opt/airflow/dags/etl_pipeline.py for tasks to queue
[2026-06-09T19:51:19.586+0000] {logging_mixin.py:188} INFO - [2026-06-09T19:51:19.585+0000] {dagbag.py:545} INFO - Filling up the DagBag from /opt/airflow/dags/etl_pipeline.py
[2026-06-09T19:51:19.626+0000] {processor.py:840} INFO - DAG(s) 'etl_pipeline' retrieved from /opt/airflow/dags/etl_pipeline.py
[2026-06-09T19:51:19.704+0000] {logging_mixin.py:188} INFO - [2026-06-09T19:51:19.704+0000] {dag.py:3096} INFO - Sync 1 DAGs
[2026-06-09T19:51:19.763+0000] {logging_mixin.py:188} INFO - [2026-06-09T19:51:19.763+0000] {dag.py:3954} INFO - Setting next_dagrun for etl_pipeline to 2026-06-09 02:00:00+00:00, run_after=2026-06-10 02:00:00+00:00
[2026-06-09T19:51:19.816+0000] {processor.py:183} INFO - Processing /opt/airflow/dags/etl_pipeline.py took 0.252 seconds
[2026-06-09T19:51:50.174+0000] {processor.py:161} INFO - Started process (PID=337) to work on /opt/airflow/dags/etl_pipeline.py
[2026-06-09T19:51:50.177+0000] {processor.py:830} INFO - Processing file /opt/airflow/dags/etl_pipeline.py for tasks to queue
[2026-06-09T19:51:50.182+0000] {logging_mixin.py:188} INFO - [2026-06-09T19:51:50.181+0000] {dagbag.py:545} INFO - Filling up the DagBag from /opt/airflow/dags/etl_pipeline.py
[2026-06-09T19:51:50.238+0000] {processor.py:840} INFO - DAG(s) 'etl_pipeline' retrieved from /opt/airflow/dags/etl_pipeline.py
[2026-06-09T19:51:50.340+0000] {logging_mixin.py:188} INFO - [2026-06-09T19:51:50.339+0000] {dag.py:3096} INFO - Sync 1 DAGs
[2026-06-09T19:51:50.419+0000] {logging_mixin.py:188} INFO - [2026-06-09T19:51:50.419+0000] {dag.py:3954} INFO - Setting next_dagrun for etl_pipeline to 2026-06-09 02:00:00+00:00, run_after=2026-06-10 02:00:00+00:00
[2026-06-09T19:51:50.496+0000] {processor.py:183} INFO - Processing /opt/airflow/dags/etl_pipeline.py took 0.336 seconds
[2026-06-09T19:52:20.882+0000] {processor.py:161} INFO - Started process (PID=342) to work on /opt/airflow/dags/etl_pipeline.py
[2026-06-09T19:52:20.883+0000] {processor.py:830} INFO - Processing file /opt/airflow/dags/etl_pipeline.py for tasks to queue
[2026-06-09T19:52:20.887+0000] {logging_mixin.py:188} INFO - [2026-06-09T19:52:20.886+0000] {dagbag.py:545} INFO - Filling up the DagBag from /opt/airflow/dags/etl_pipeline.py
[2026-06-09T19:52:20.920+0000] {processor.py:840} INFO - DAG(s) 'etl_pipeline' retrieved from /opt/airflow/dags/etl_pipeline.py
[2026-06-09T19:52:20.974+0000] {logging_mixin.py:188} INFO - [2026-06-09T19:52:20.973+0000] {dag.py:3096} INFO - Sync 1 DAGs
[2026-06-09T19:52:21.015+0000] {logging_mixin.py:188} INFO - [2026-06-09T19:52:21.014+0000] {dag.py:3954} INFO - Setting next_dagrun for etl_pipeline to 2026-06-09 02:00:00+00:00, run_after=2026-06-10 02:00:00+00:00
[2026-06-09T19:52:21.048+0000] {processor.py:183} INFO - Processing /opt/airflow/dags/etl_pipeline.py took 0.175 seconds
[2026-06-09T19:52:51.194+0000] {processor.py:161} INFO - Started process (PID=347) to work on /opt/airflow/dags/etl_pipeline.py
[2026-06-09T19:52:51.197+0000] {processor.py:830} INFO - Processing file /opt/airflow/dags/etl_pipeline.py for tasks to queue
[2026-06-09T19:52:51.201+0000] {logging_mixin.py:188} INFO - [2026-06-09T19:52:51.200+0000] {dagbag.py:545} INFO - Filling up the DagBag from /opt/airflow/dags/etl_pipeline.py
[2026-06-09T19:52:51.241+0000] {processor.py:840} INFO - DAG(s) 'etl_pipeline' retrieved from /opt/airflow/dags/etl_pipeline.py
[2026-06-09T19:52:51.325+0000] {logging_mixin.py:188} INFO - [2026-06-09T19:52:51.324+0000] {dag.py:3096} INFO - Sync 1 DAGs
[2026-06-09T19:52:51.381+0000] {logging_mixin.py:188} INFO - [2026-06-09T19:52:51.380+0000] {dag.py:3954} INFO - Setting next_dagrun for etl_pipeline to 2026-06-09 02:00:00+00:00, run_after=2026-06-10 02:00:00+00:00
[2026-06-09T19:52:51.436+0000] {processor.py:183} INFO - Processing /opt/airflow/dags/etl_pipeline.py took 0.253 seconds
[2026-06-09T19:53:21.679+0000] {processor.py:161} INFO - Started process (PID=352) to work on /opt/airflow/dags/etl_pipeline.py
[2026-06-09T19:53:21.682+0000] {processor.py:830} INFO - Processing file /opt/airflow/dags/etl_pipeline.py for tasks to queue
[2026-06-09T19:53:21.687+0000] {logging_mixin.py:188} INFO - [2026-06-09T19:53:21.686+0000] {dagbag.py:545} INFO - Filling up the DagBag from /opt/airflow/dags/etl_pipeline.py
[2026-06-09T19:53:21.745+0000] {processor.py:840} INFO - DAG(s) 'etl_pipeline' retrieved from /opt/airflow/dags/etl_pipeline.py
[2026-06-09T19:53:21.862+0000] {logging_mixin.py:188} INFO - [2026-06-09T19:53:21.861+0000] {dag.py:3096} INFO - Sync 1 DAGs
[2026-06-09T19:53:21.963+0000] {logging_mixin.py:188} INFO - [2026-06-09T19:53:21.962+0000] {dag.py:3954} INFO - Setting next_dagrun for etl_pipeline to 2026-06-09 02:00:00+00:00, run_after=2026-06-10 02:00:00+00:00
[2026-06-09T19:53:22.037+0000] {processor.py:183} INFO - Processing /opt/airflow/dags/etl_pipeline.py took 0.373 seconds
[2026-06-09T19:53:52.117+0000] {processor.py:161} INFO - Started process (PID=357) to work on /opt/airflow/dags/etl_pipeline.py
[2026-06-09T19:53:52.119+0000] {processor.py:830} INFO - Processing file /opt/airflow/dags/etl_pipeline.py for tasks to queue
[2026-06-09T19:53:52.121+0000] {logging_mixin.py:188} INFO - [2026-06-09T19:53:52.121+0000] {dagbag.py:545} INFO - Filling up the DagBag from /opt/airflow/dags/etl_pipeline.py
[2026-06-09T19:53:52.146+0000] {processor.py:840} INFO - DAG(s) 'etl_pipeline' retrieved from /opt/airflow/dags/etl_pipeline.py
[2026-06-09T19:53:52.196+0000] {logging_mixin.py:188} INFO - [2026-06-09T19:53:52.195+0000] {dag.py:3096} INFO - Sync 1 DAGs
[2026-06-09T19:53:52.233+0000] {logging_mixin.py:188} INFO - [2026-06-09T19:53:52.232+0000] {dag.py:3954} INFO - Setting next_dagrun for etl_pipeline to 2026-06-09 02:00:00+00:00, run_after=2026-06-10 02:00:00+00:00
[2026-06-09T19:53:52.266+0000] {processor.py:183} INFO - Processing /opt/airflow/dags/etl_pipeline.py took 0.156 seconds
[2026-06-09T19:54:22.451+0000] {processor.py:161} INFO - Started process (PID=362) to work on /opt/airflow/dags/etl_pipeline.py
[2026-06-09T19:54:22.454+0000] {processor.py:830} INFO - Processing file /opt/airflow/dags/etl_pipeline.py for tasks to queue
[2026-06-09T19:54:22.460+0000] {logging_mixin.py:188} INFO - [2026-06-09T19:54:22.458+0000] {dagbag.py:545} INFO - Filling up the DagBag from /opt/airflow/dags/etl_pipeline.py
[2026-06-09T19:54:22.511+0000] {processor.py:840} INFO - DAG(s) 'etl_pipeline' retrieved from /opt/airflow/dags/etl_pipeline.py
[2026-06-09T19:54:22.594+0000] {logging_mixin.py:188} INFO - [2026-06-09T19:54:22.593+0000] {dag.py:3096} INFO - Sync 1 DAGs
[2026-06-09T19:54:22.661+0000] {logging_mixin.py:188} INFO - [2026-06-09T19:54:22.661+0000] {dag.py:3954} INFO - Setting next_dagrun for etl_pipeline to 2026-06-09 02:00:00+00:00, run_after=2026-06-10 02:00:00+00:00
[2026-06-09T19:54:22.717+0000] {processor.py:183} INFO - Processing /opt/airflow/dags/etl_pipeline.py took 0.279 seconds
[2026-06-09T19:54:52.929+0000] {processor.py:161} INFO - Started process (PID=367) to work on /opt/airflow/dags/etl_pipeline.py
[2026-06-09T19:54:52.931+0000] {processor.py:830} INFO - Processing file /opt/airflow/dags/etl_pipeline.py for tasks to queue
[2026-06-09T19:54:52.935+0000] {logging_mixin.py:188} INFO - [2026-06-09T19:54:52.934+0000] {dagbag.py:545} INFO - Filling up the DagBag from /opt/airflow/dags/etl_pipeline.py
[2026-06-09T19:54:52.972+0000] {processor.py:840} INFO - DAG(s) 'etl_pipeline' retrieved from /opt/airflow/dags/etl_pipeline.py
[2026-06-09T19:54:53.041+0000] {logging_mixin.py:188} INFO - [2026-06-09T19:54:53.041+0000] {dag.py:3096} INFO - Sync 1 DAGs
[2026-06-09T19:54:53.100+0000] {logging_mixin.py:188} INFO - [2026-06-09T19:54:53.099+0000] {dag.py:3954} INFO - Setting next_dagrun for etl_pipeline to 2026-06-09 02:00:00+00:00, run_after=2026-06-10 02:00:00+00:00
[2026-06-09T19:54:53.156+0000] {processor.py:183} INFO - Processing /opt/airflow/dags/etl_pipeline.py took 0.236 seconds
[2026-06-09T19:55:23.402+0000] {processor.py:161} INFO - Started process (PID=372) to work on /opt/airflow/dags/etl_pipeline.py
[2026-06-09T19:55:23.404+0000] {processor.py:830} INFO - Processing file /opt/airflow/dags/etl_pipeline.py for tasks to queue
[2026-06-09T19:55:23.408+0000] {logging_mixin.py:188} INFO - [2026-06-09T19:55:23.407+0000] {dagbag.py:545} INFO - Filling up the DagBag from /opt/airflow/dags/etl_pipeline.py
[2026-06-09T19:55:23.448+0000] {processor.py:840} INFO - DAG(s) 'etl_pipeline' retrieved from /opt/airflow/dags/etl_pipeline.py
[2026-06-09T19:55:23.516+0000] {logging_mixin.py:188} INFO - [2026-06-09T19:55:23.515+0000] {dag.py:3096} INFO - Sync 1 DAGs
[2026-06-09T19:55:23.568+0000] {logging_mixin.py:188} INFO - [2026-06-09T19:55:23.567+0000] {dag.py:3954} INFO - Setting next_dagrun for etl_pipeline to 2026-06-09 02:00:00+00:00, run_after=2026-06-10 02:00:00+00:00
[2026-06-09T19:55:23.628+0000] {processor.py:183} INFO - Processing /opt/airflow/dags/etl_pipeline.py took 0.236 seconds
[2026-06-09T19:55:53.930+0000] {processor.py:161} INFO - Started process (PID=388) to work on /opt/airflow/dags/etl_pipeline.py
[2026-06-09T19:55:53.935+0000] {processor.py:830} INFO - Processing file /opt/airflow/dags/etl_pipeline.py for tasks to queue
[2026-06-09T19:55:53.943+0000] {logging_mixin.py:188} INFO - [2026-06-09T19:55:53.942+0000] {dagbag.py:545} INFO - Filling up the DagBag from /opt/airflow/dags/etl_pipeline.py
[2026-06-09T19:55:54.053+0000] {processor.py:840} INFO - DAG(s) 'etl_pipeline' retrieved from /opt/airflow/dags/etl_pipeline.py
[2026-06-09T19:55:54.255+0000] {logging_mixin.py:188} INFO - [2026-06-09T19:55:54.253+0000] {dag.py:3096} INFO - Sync 1 DAGs
[2026-06-09T19:55:54.440+0000] {logging_mixin.py:188} INFO - [2026-06-09T19:55:54.439+0000] {dag.py:3954} INFO - Setting next_dagrun for etl_pipeline to 2026-06-09 02:00:00+00:00, run_after=2026-06-10 02:00:00+00:00
[2026-06-09T19:55:54.588+0000] {processor.py:183} INFO - Processing /opt/airflow/dags/etl_pipeline.py took 0.689 seconds
[2026-06-09T19:56:25.114+0000] {processor.py:161} INFO - Started process (PID=459) to work on /opt/airflow/dags/etl_pipeline.py
[2026-06-09T19:56:25.118+0000] {processor.py:830} INFO - Processing file /opt/airflow/dags/etl_pipeline.py for tasks to queue
[2026-06-09T19:56:25.125+0000] {logging_mixin.py:188} INFO - [2026-06-09T19:56:25.124+0000] {dagbag.py:545} INFO - Filling up the DagBag from /opt/airflow/dags/etl_pipeline.py
[2026-06-09T19:56:25.172+0000] {processor.py:840} INFO - DAG(s) 'etl_pipeline' retrieved from /opt/airflow/dags/etl_pipeline.py
[2026-06-09T19:56:25.278+0000] {logging_mixin.py:188} INFO - [2026-06-09T19:56:25.277+0000] {dag.py:3096} INFO - Sync 1 DAGs
[2026-06-09T19:56:25.365+0000] {logging_mixin.py:188} INFO - [2026-06-09T19:56:25.364+0000] {dag.py:3954} INFO - Setting next_dagrun for etl_pipeline to 2026-06-09 02:00:00+00:00, run_after=2026-06-10 02:00:00+00:00
[2026-06-09T19:56:25.424+0000] {processor.py:183} INFO - Processing /opt/airflow/dags/etl_pipeline.py took 0.326 seconds
[2026-06-09T19:56:55.567+0000] {processor.py:161} INFO - Started process (PID=544) to work on /opt/airflow/dags/etl_pipeline.py
[2026-06-09T19:56:55.571+0000] {processor.py:830} INFO - Processing file /opt/airflow/dags/etl_pipeline.py for tasks to queue
[2026-06-09T19:56:55.580+0000] {logging_mixin.py:188} INFO - [2026-06-09T19:56:55.578+0000] {dagbag.py:545} INFO - Filling up the DagBag from /opt/airflow/dags/etl_pipeline.py
[2026-06-09T19:56:55.619+0000] {processor.py:840} INFO - DAG(s) 'etl_pipeline' retrieved from /opt/airflow/dags/etl_pipeline.py
[2026-06-09T19:56:55.698+0000] {logging_mixin.py:188} INFO - [2026-06-09T19:56:55.697+0000] {dag.py:3096} INFO - Sync 1 DAGs
[2026-06-09T19:56:55.772+0000] {logging_mixin.py:188} INFO - [2026-06-09T19:56:55.771+0000] {dag.py:3954} INFO - Setting next_dagrun for etl_pipeline to 2026-06-09 02:00:00+00:00, run_after=2026-06-10 02:00:00+00:00
[2026-06-09T19:56:55.864+0000] {processor.py:183} INFO - Processing /opt/airflow/dags/etl_pipeline.py took 0.308 seconds
[2026-06-09T19:57:26.129+0000] {processor.py:161} INFO - Started process (PID=549) to work on /opt/airflow/dags/etl_pipeline.py
[2026-06-09T19:57:26.130+0000] {processor.py:830} INFO - Processing file /opt/airflow/dags/etl_pipeline.py for tasks to queue
[2026-06-09T19:57:26.148+0000] {logging_mixin.py:188} INFO - [2026-06-09T19:57:26.146+0000] {dagbag.py:545} INFO - Filling up the DagBag from /opt/airflow/dags/etl_pipeline.py
[2026-06-09T19:57:26.231+0000] {processor.py:840} INFO - DAG(s) 'etl_pipeline' retrieved from /opt/airflow/dags/etl_pipeline.py
[2026-06-09T19:57:26.380+0000] {logging_mixin.py:188} INFO - [2026-06-09T19:57:26.380+0000] {dag.py:3096} INFO - Sync 1 DAGs
[2026-06-09T19:57:26.509+0000] {logging_mixin.py:188} INFO - [2026-06-09T19:57:26.509+0000] {dag.py:3954} INFO - Setting next_dagrun for etl_pipeline to 2026-06-09 02:00:00+00:00, run_after=2026-06-10 02:00:00+00:00
[2026-06-09T19:57:26.593+0000] {processor.py:183} INFO - Processing /opt/airflow/dags/etl_pipeline.py took 0.508 seconds
[2026-06-09T19:57:57.232+0000] {processor.py:161} INFO - Started process (PID=696) to work on /opt/airflow/dags/etl_pipeline.py
[2026-06-09T19:57:57.240+0000] {processor.py:830} INFO - Processing file /opt/airflow/dags/etl_pipeline.py for tasks to queue
[2026-06-09T19:57:57.254+0000] {logging_mixin.py:188} INFO - [2026-06-09T19:57:57.252+0000] {dagbag.py:545} INFO - Filling up the DagBag from /opt/airflow/dags/etl_pipeline.py
[2026-06-09T19:57:57.367+0000] {processor.py:840} INFO - DAG(s) 'etl_pipeline' retrieved from /opt/airflow/dags/etl_pipeline.py
[2026-06-09T19:57:57.577+0000] {logging_mixin.py:188} INFO - [2026-06-09T19:57:57.576+0000] {dag.py:3096} INFO - Sync 1 DAGs
[2026-06-09T19:57:57.696+0000] {logging_mixin.py:188} INFO - [2026-06-09T19:57:57.695+0000] {dag.py:3954} INFO - Setting next_dagrun for etl_pipeline to 2026-06-09 02:00:00+00:00, run_after=2026-06-10 02:00:00+00:00
[2026-06-09T19:57:57.769+0000] {processor.py:183} INFO - Processing /opt/airflow/dags/etl_pipeline.py took 0.634 seconds
[2026-06-09T19:58:28.239+0000] {processor.py:161} INFO - Started process (PID=713) to work on /opt/airflow/dags/etl_pipeline.py
[2026-06-09T19:58:28.241+0000] {processor.py:830} INFO - Processing file /opt/airflow/dags/etl_pipeline.py for tasks to queue
[2026-06-09T19:58:28.249+0000] {logging_mixin.py:188} INFO - [2026-06-09T19:58:28.249+0000] {dagbag.py:545} INFO - Filling up the DagBag from /opt/airflow/dags/etl_pipeline.py
[2026-06-09T19:58:28.412+0000] {processor.py:840} INFO - DAG(s) 'etl_pipeline' retrieved from /opt/airflow/dags/etl_pipeline.py
[2026-06-09T19:58:28.614+0000] {logging_mixin.py:188} INFO - [2026-06-09T19:58:28.613+0000] {dag.py:3096} INFO - Sync 1 DAGs
[2026-06-09T19:58:28.833+0000] {logging_mixin.py:188} INFO - [2026-06-09T19:58:28.831+0000] {dag.py:3954} INFO - Setting next_dagrun for etl_pipeline to 2026-06-09 02:00:00+00:00, run_after=2026-06-10 02:00:00+00:00
[2026-06-09T19:58:28.914+0000] {processor.py:183} INFO - Processing /opt/airflow/dags/etl_pipeline.py took 0.688 seconds
[2026-06-09T19:58:59.602+0000] {processor.py:161} INFO - Started process (PID=879) to work on /opt/airflow/dags/etl_pipeline.py
[2026-06-09T19:58:59.605+0000] {processor.py:830} INFO - Processing file /opt/airflow/dags/etl_pipeline.py for tasks to queue
[2026-06-09T19:58:59.612+0000] {logging_mixin.py:188} INFO - [2026-06-09T19:58:59.611+0000] {dagbag.py:545} INFO - Filling up the DagBag from /opt/airflow/dags/etl_pipeline.py
[2026-06-09T19:58:59.675+0000] {processor.py:840} INFO - DAG(s) 'etl_pipeline' retrieved from /opt/airflow/dags/etl_pipeline.py
[2026-06-09T19:58:59.790+0000] {logging_mixin.py:188} INFO - [2026-06-09T19:58:59.789+0000] {dag.py:3096} INFO - Sync 1 DAGs
[2026-06-09T19:58:59.901+0000] {logging_mixin.py:188} INFO - [2026-06-09T19:58:59.900+0000] {dag.py:3954} INFO - Setting next_dagrun for etl_pipeline to 2026-06-09 02:00:00+00:00, run_after=2026-06-10 02:00:00+00:00
[2026-06-09T19:58:59.984+0000] {processor.py:183} INFO - Processing /opt/airflow/dags/etl_pipeline.py took 0.400 seconds
[2026-06-09T19:59:30.094+0000] {processor.py:161} INFO - Started process (PID=884) to work on /opt/airflow/dags/etl_pipeline.py
[2026-06-09T19:59:30.095+0000] {processor.py:830} INFO - Processing file /opt/airflow/dags/etl_pipeline.py for tasks to queue
[2026-06-09T19:59:30.098+0000] {logging_mixin.py:188} INFO - [2026-06-09T19:59:30.097+0000] {dagbag.py:545} INFO - Filling up the DagBag from /opt/airflow/dags/etl_pipeline.py
[2026-06-09T19:59:30.125+0000] {processor.py:840} INFO - DAG(s) 'etl_pipeline' retrieved from /opt/airflow/dags/etl_pipeline.py
[2026-06-09T19:59:30.177+0000] {logging_mixin.py:188} INFO - [2026-06-09T19:59:30.177+0000] {dag.py:3096} INFO - Sync 1 DAGs
[2026-06-09T19:59:30.220+0000] {logging_mixin.py:188} INFO - [2026-06-09T19:59:30.220+0000] {dag.py:3954} INFO - Setting next_dagrun for etl_pipeline to 2026-06-09 02:00:00+00:00, run_after=2026-06-10 02:00:00+00:00
[2026-06-09T19:59:30.257+0000] {processor.py:183} INFO - Processing /opt/airflow/dags/etl_pipeline.py took 0.171 seconds
[2026-06-09T20:00:00.444+0000] {processor.py:161} INFO - Started process (PID=889) to work on /opt/airflow/dags/etl_pipeline.py
[2026-06-09T20:00:00.446+0000] {processor.py:830} INFO - Processing file /opt/airflow/dags/etl_pipeline.py for tasks to queue
[2026-06-09T20:00:00.451+0000] {logging_mixin.py:188} INFO - [2026-06-09T20:00:00.450+0000] {dagbag.py:545} INFO - Filling up the DagBag from /opt/airflow/dags/etl_pipeline.py
[2026-06-09T20:00:00.500+0000] {processor.py:840} INFO - DAG(s) 'etl_pipeline' retrieved from /opt/airflow/dags/etl_pipeline.py
[2026-06-09T20:00:00.595+0000] {logging_mixin.py:188} INFO - [2026-06-09T20:00:00.594+0000] {dag.py:3096} INFO - Sync 1 DAGs
[2026-06-09T20:00:00.667+0000] {logging_mixin.py:188} INFO - [2026-06-09T20:00:00.666+0000] {dag.py:3954} INFO - Setting next_dagrun for etl_pipeline to 2026-06-09 02:00:00+00:00, run_after=2026-06-10 02:00:00+00:00
[2026-06-09T20:00:00.730+0000] {processor.py:183} INFO - Processing /opt/airflow/dags/etl_pipeline.py took 0.299 seconds
[2026-06-09T20:00:31.127+0000] {processor.py:161} INFO - Started process (PID=894) to work on /opt/airflow/dags/etl_pipeline.py
[2026-06-09T20:00:31.131+0000] {processor.py:830} INFO - Processing file /opt/airflow/dags/etl_pipeline.py for tasks to queue
[2026-06-09T20:00:31.142+0000] {logging_mixin.py:188} INFO - [2026-06-09T20:00:31.140+0000] {dagbag.py:545} INFO - Filling up the DagBag from /opt/airflow/dags/etl_pipeline.py
[2026-06-09T20:00:31.215+0000] {processor.py:840} INFO - DAG(s) 'etl_pipeline' retrieved from /opt/airflow/dags/etl_pipeline.py
[2026-06-09T20:00:31.335+0000] {logging_mixin.py:188} INFO - [2026-06-09T20:00:31.334+0000] {dag.py:3096} INFO - Sync 1 DAGs
[2026-06-09T20:00:31.423+0000] {logging_mixin.py:188} INFO - [2026-06-09T20:00:31.422+0000] {dag.py:3954} INFO - Setting next_dagrun for etl_pipeline to 2026-06-09 02:00:00+00:00, run_after=2026-06-10 02:00:00+00:00
[2026-06-09T20:00:31.488+0000] {processor.py:183} INFO - Processing /opt/airflow/dags/etl_pipeline.py took 0.385 seconds
[2026-06-09T20:01:01.853+0000] {processor.py:161} INFO - Started process (PID=899) to work on /opt/airflow/dags/etl_pipeline.py
[2026-06-09T20:01:01.856+0000] {processor.py:830} INFO - Processing file /opt/airflow/dags/etl_pipeline.py for tasks to queue
[2026-06-09T20:01:01.860+0000] {logging_mixin.py:188} INFO - [2026-06-09T20:01:01.859+0000] {dagbag.py:545} INFO - Filling up the DagBag from /opt/airflow/dags/etl_pipeline.py
[2026-06-09T20:01:01.905+0000] {processor.py:840} INFO - DAG(s) 'etl_pipeline' retrieved from /opt/airflow/dags/etl_pipeline.py
[2026-06-09T20:01:02.001+0000] {logging_mixin.py:188} INFO - [2026-06-09T20:01:02.000+0000] {dag.py:3096} INFO - Sync 1 DAGs
[2026-06-09T20:01:02.081+0000] {logging_mixin.py:188} INFO - [2026-06-09T20:01:02.081+0000] {dag.py:3954} INFO - Setting next_dagrun for etl_pipeline to 2026-06-09 02:00:00+00:00, run_after=2026-06-10 02:00:00+00:00
[2026-06-09T20:01:02.140+0000] {processor.py:183} INFO - Processing /opt/airflow/dags/etl_pipeline.py took 0.300 seconds
[2026-06-09T20:01:32.475+0000] {processor.py:161} INFO - Started process (PID=904) to work on /opt/airflow/dags/etl_pipeline.py
[2026-06-09T20:01:32.478+0000] {processor.py:830} INFO - Processing file /opt/airflow/dags/etl_pipeline.py for tasks to queue
[2026-06-09T20:01:32.483+0000] {logging_mixin.py:188} INFO - [2026-06-09T20:01:32.482+0000] {dagbag.py:545} INFO - Filling up the DagBag from /opt/airflow/dags/etl_pipeline.py
[2026-06-09T20:01:32.539+0000] {processor.py:840} INFO - DAG(s) 'etl_pipeline' retrieved from /opt/airflow/dags/etl_pipeline.py
[2026-06-09T20:01:32.843+0000] {logging_mixin.py:188} INFO - [2026-06-09T20:01:32.843+0000] {dag.py:3096} INFO - Sync 1 DAGs
[2026-06-09T20:01:32.921+0000] {logging_mixin.py:188} INFO - [2026-06-09T20:01:32.920+0000] {dag.py:3954} INFO - Setting next_dagrun for etl_pipeline to 2026-06-09 02:00:00+00:00, run_after=2026-06-10 02:00:00+00:00
[2026-06-09T20:01:32.990+0000] {processor.py:183} INFO - Processing /opt/airflow/dags/etl_pipeline.py took 0.530 seconds
[2026-06-09T20:02:03.360+0000] {processor.py:161} INFO - Started process (PID=909) to work on /opt/airflow/dags/etl_pipeline.py
[2026-06-09T20:02:03.362+0000] {processor.py:830} INFO - Processing file /opt/airflow/dags/etl_pipeline.py for tasks to queue
[2026-06-09T20:02:03.366+0000] {logging_mixin.py:188} INFO - [2026-06-09T20:02:03.366+0000] {dagbag.py:545} INFO - Filling up the DagBag from /opt/airflow/dags/etl_pipeline.py
[2026-06-09T20:02:03.407+0000] {processor.py:840} INFO - DAG(s) 'etl_pipeline' retrieved from /opt/airflow/dags/etl_pipeline.py
[2026-06-09T20:02:03.493+0000] {logging_mixin.py:188} INFO - [2026-06-09T20:02:03.493+0000] {dag.py:3096} INFO - Sync 1 DAGs
[2026-06-09T20:02:03.566+0000] {logging_mixin.py:188} INFO - [2026-06-09T20:02:03.566+0000] {dag.py:3954} INFO - Setting next_dagrun for etl_pipeline to 2026-06-09 02:00:00+00:00, run_after=2026-06-10 02:00:00+00:00
[2026-06-09T20:02:03.633+0000] {processor.py:183} INFO - Processing /opt/airflow/dags/etl_pipeline.py took 0.285 seconds
[2026-06-09T20:02:34.012+0000] {processor.py:161} INFO - Started process (PID=914) to work on /opt/airflow/dags/etl_pipeline.py
[2026-06-09T20:02:34.016+0000] {processor.py:830} INFO - Processing file /opt/airflow/dags/etl_pipeline.py for tasks to queue
[2026-06-09T20:02:34.021+0000] {logging_mixin.py:188} INFO - [2026-06-09T20:02:34.020+0000] {dagbag.py:545} INFO - Filling up the DagBag from /opt/airflow/dags/etl_pipeline.py
[2026-06-09T20:02:34.066+0000] {processor.py:840} INFO - DAG(s) 'etl_pipeline' retrieved from /opt/airflow/dags/etl_pipeline.py
[2026-06-09T20:02:34.139+0000] {logging_mixin.py:188} INFO - [2026-06-09T20:02:34.138+0000] {dag.py:3096} INFO - Sync 1 DAGs
[2026-06-09T20:02:34.206+0000] {logging_mixin.py:188} INFO - [2026-06-09T20:02:34.205+0000] {dag.py:3954} INFO - Setting next_dagrun for etl_pipeline to 2026-06-09 02:00:00+00:00, run_after=2026-06-10 02:00:00+00:00
[2026-06-09T20:02:34.255+0000] {processor.py:183} INFO - Processing /opt/airflow/dags/etl_pipeline.py took 0.260 seconds
[2026-06-09T20:03:04.609+0000] {processor.py:161} INFO - Started process (PID=919) to work on /opt/airflow/dags/etl_pipeline.py
[2026-06-09T20:03:04.611+0000] {processor.py:830} INFO - Processing file /opt/airflow/dags/etl_pipeline.py for tasks to queue
[2026-06-09T20:03:04.616+0000] {logging_mixin.py:188} INFO - [2026-06-09T20:03:04.615+0000] {dagbag.py:545} INFO - Filling up the DagBag from /opt/airflow/dags/etl_pipeline.py
[2026-06-09T20:03:04.653+0000] {processor.py:840} INFO - DAG(s) 'etl_pipeline' retrieved from /opt/airflow/dags/etl_pipeline.py
[2026-06-09T20:03:04.742+0000] {logging_mixin.py:188} INFO - [2026-06-09T20:03:04.741+0000] {dag.py:3096} INFO - Sync 1 DAGs
[2026-06-09T20:03:04.803+0000] {logging_mixin.py:188} INFO - [2026-06-09T20:03:04.802+0000] {dag.py:3954} INFO - Setting next_dagrun for etl_pipeline to 2026-06-09 02:00:00+00:00, run_after=2026-06-10 02:00:00+00:00
[2026-06-09T20:03:04.851+0000] {processor.py:183} INFO - Processing /opt/airflow/dags/etl_pipeline.py took 0.252 seconds
[2026-06-09T20:03:35.170+0000] {processor.py:161} INFO - Started process (PID=924) to work on /opt/airflow/dags/etl_pipeline.py
[2026-06-09T20:03:35.172+0000] {processor.py:830} INFO - Processing file /opt/airflow/dags/etl_pipeline.py for tasks to queue
[2026-06-09T20:03:35.176+0000] {logging_mixin.py:188} INFO - [2026-06-09T20:03:35.175+0000] {dagbag.py:545} INFO - Filling up the DagBag from /opt/airflow/dags/etl_pipeline.py
[2026-06-09T20:03:35.212+0000] {processor.py:840} INFO - DAG(s) 'etl_pipeline' retrieved from /opt/airflow/dags/etl_pipeline.py
[2026-06-09T20:03:35.288+0000] {logging_mixin.py:188} INFO - [2026-06-09T20:03:35.287+0000] {dag.py:3096} INFO - Sync 1 DAGs
[2026-06-09T20:03:35.351+0000] {logging_mixin.py:188} INFO - [2026-06-09T20:03:35.351+0000] {dag.py:3954} INFO - Setting next_dagrun for etl_pipeline to 2026-06-09 02:00:00+00:00, run_after=2026-06-10 02:00:00+00:00
[2026-06-09T20:03:35.407+0000] {processor.py:183} INFO - Processing /opt/airflow/dags/etl_pipeline.py took 0.247 seconds
[2026-06-09T20:04:05.542+0000] {processor.py:161} INFO - Started process (PID=982) to work on /opt/airflow/dags/etl_pipeline.py
[2026-06-09T20:04:05.547+0000] {processor.py:830} INFO - Processing file /opt/airflow/dags/etl_pipeline.py for tasks to queue
[2026-06-09T20:04:05.556+0000] {logging_mixin.py:188} INFO - [2026-06-09T20:04:05.555+0000] {dagbag.py:545} INFO - Filling up the DagBag from /opt/airflow/dags/etl_pipeline.py
[2026-06-09T20:04:05.634+0000] {processor.py:840} INFO - DAG(s) 'etl_pipeline' retrieved from /opt/airflow/dags/etl_pipeline.py
[2026-06-09T20:04:05.758+0000] {logging_mixin.py:188} INFO - [2026-06-09T20:04:05.757+0000] {dag.py:3096} INFO - Sync 1 DAGs
[2026-06-09T20:04:05.859+0000] {logging_mixin.py:188} INFO - [2026-06-09T20:04:05.858+0000] {dag.py:3954} INFO - Setting next_dagrun for etl_pipeline to 2026-06-09 02:00:00+00:00, run_after=2026-06-10 02:00:00+00:00
[2026-06-09T20:04:05.954+0000] {processor.py:183} INFO - Processing /opt/airflow/dags/etl_pipeline.py took 0.437 seconds
[2026-06-09T20:04:36.081+0000] {processor.py:161} INFO - Started process (PID=1073) to work on /opt/airflow/dags/etl_pipeline.py
[2026-06-09T20:04:36.084+0000] {processor.py:830} INFO - Processing file /opt/airflow/dags/etl_pipeline.py for tasks to queue
[2026-06-09T20:04:36.090+0000] {logging_mixin.py:188} INFO - [2026-06-09T20:04:36.089+0000] {dagbag.py:545} INFO - Filling up the DagBag from /opt/airflow/dags/etl_pipeline.py
[2026-06-09T20:04:36.142+0000] {processor.py:840} INFO - DAG(s) 'etl_pipeline' retrieved from /opt/airflow/dags/etl_pipeline.py
[2026-06-09T20:04:36.233+0000] {logging_mixin.py:188} INFO - [2026-06-09T20:04:36.232+0000] {dag.py:3096} INFO - Sync 1 DAGs
[2026-06-09T20:04:36.338+0000] {logging_mixin.py:188} INFO - [2026-06-09T20:04:36.337+0000] {dag.py:3954} INFO - Setting next_dagrun for etl_pipeline to 2026-06-09 02:00:00+00:00, run_after=2026-06-10 02:00:00+00:00
[2026-06-09T20:04:36.434+0000] {processor.py:183} INFO - Processing /opt/airflow/dags/etl_pipeline.py took 0.366 seconds
[2026-06-09T20:05:07.001+0000] {processor.py:161} INFO - Started process (PID=1141) to work on /opt/airflow/dags/etl_pipeline.py
[2026-06-09T20:05:07.018+0000] {processor.py:830} INFO - Processing file /opt/airflow/dags/etl_pipeline.py for tasks to queue
[2026-06-09T20:05:07.035+0000] {logging_mixin.py:188} INFO - [2026-06-09T20:05:07.028+0000] {dagbag.py:545} INFO - Filling up the DagBag from /opt/airflow/dags/etl_pipeline.py
[2026-06-09T20:05:07.125+0000] {processor.py:840} INFO - DAG(s) 'etl_pipeline' retrieved from /opt/airflow/dags/etl_pipeline.py
[2026-06-09T20:05:07.294+0000] {logging_mixin.py:188} INFO - [2026-06-09T20:05:07.293+0000] {dag.py:3096} INFO - Sync 1 DAGs
[2026-06-09T20:05:07.412+0000] {logging_mixin.py:188} INFO - [2026-06-09T20:05:07.411+0000] {dag.py:3954} INFO - Setting next_dagrun for etl_pipeline to 2026-06-09 02:00:00+00:00, run_after=2026-06-10 02:00:00+00:00
[2026-06-09T20:05:07.533+0000] {processor.py:183} INFO - Processing /opt/airflow/dags/etl_pipeline.py took 0.592 seconds
[2026-06-09T20:05:38.194+0000] {processor.py:161} INFO - Started process (PID=1255) to work on /opt/airflow/dags/etl_pipeline.py
[2026-06-09T20:05:38.196+0000] {processor.py:830} INFO - Processing file /opt/airflow/dags/etl_pipeline.py for tasks to queue
[2026-06-09T20:05:38.200+0000] {logging_mixin.py:188} INFO - [2026-06-09T20:05:38.199+0000] {dagbag.py:545} INFO - Filling up the DagBag from /opt/airflow/dags/etl_pipeline.py
[2026-06-09T20:05:38.261+0000] {processor.py:840} INFO - DAG(s) 'etl_pipeline' retrieved from /opt/airflow/dags/etl_pipeline.py
[2026-06-09T20:05:38.369+0000] {logging_mixin.py:188} INFO - [2026-06-09T20:05:38.368+0000] {dag.py:3096} INFO - Sync 1 DAGs
[2026-06-09T20:05:38.441+0000] {logging_mixin.py:188} INFO - [2026-06-09T20:05:38.441+0000] {dag.py:3954} INFO - Setting next_dagrun for etl_pipeline to 2026-06-09 02:00:00+00:00, run_after=2026-06-10 02:00:00+00:00
[2026-06-09T20:05:38.492+0000] {processor.py:183} INFO - Processing /opt/airflow/dags/etl_pipeline.py took 0.313 seconds
[2026-06-09T20:06:08.808+0000] {processor.py:161} INFO - Started process (PID=1408) to work on /opt/airflow/dags/etl_pipeline.py
[2026-06-09T20:06:08.810+0000] {processor.py:830} INFO - Processing file /opt/airflow/dags/etl_pipeline.py for tasks to queue
[2026-06-09T20:06:08.813+0000] {logging_mixin.py:188} INFO - [2026-06-09T20:06:08.813+0000] {dagbag.py:545} INFO - Filling up the DagBag from /opt/airflow/dags/etl_pipeline.py
[2026-06-09T20:06:08.852+0000] {processor.py:840} INFO - DAG(s) 'etl_pipeline' retrieved from /opt/airflow/dags/etl_pipeline.py
[2026-06-09T20:06:08.918+0000] {logging_mixin.py:188} INFO - [2026-06-09T20:06:08.918+0000] {dag.py:3096} INFO - Sync 1 DAGs
[2026-06-09T20:06:08.992+0000] {logging_mixin.py:188} INFO - [2026-06-09T20:06:08.991+0000] {dag.py:3954} INFO - Setting next_dagrun for etl_pipeline to 2026-06-09 02:00:00+00:00, run_after=2026-06-10 02:00:00+00:00
[2026-06-09T20:06:09.049+0000] {processor.py:183} INFO - Processing /opt/airflow/dags/etl_pipeline.py took 0.256 seconds
[2026-06-09T20:06:39.589+0000] {processor.py:161} INFO - Started process (PID=1413) to work on /opt/airflow/dags/etl_pipeline.py
[2026-06-09T20:06:39.594+0000] {processor.py:830} INFO - Processing file /opt/airflow/dags/etl_pipeline.py for tasks to queue
[2026-06-09T20:06:39.602+0000] {logging_mixin.py:188} INFO - [2026-06-09T20:06:39.601+0000] {dagbag.py:545} INFO - Filling up the DagBag from /opt/airflow/dags/etl_pipeline.py
[2026-06-09T20:06:39.699+0000] {processor.py:840} INFO - DAG(s) 'etl_pipeline' retrieved from /opt/airflow/dags/etl_pipeline.py
[2026-06-09T20:06:39.850+0000] {logging_mixin.py:188} INFO - [2026-06-09T20:06:39.849+0000] {dag.py:3096} INFO - Sync 1 DAGs
[2026-06-09T20:06:39.956+0000] {logging_mixin.py:188} INFO - [2026-06-09T20:06:39.955+0000] {dag.py:3954} INFO - Setting next_dagrun for etl_pipeline to 2026-06-09 02:00:00+00:00, run_after=2026-06-10 02:00:00+00:00
[2026-06-09T20:06:40.039+0000] {processor.py:183} INFO - Processing /opt/airflow/dags/etl_pipeline.py took 0.478 seconds
[2026-06-09T20:07:10.488+0000] {processor.py:161} INFO - Started process (PID=1418) to work on /opt/airflow/dags/etl_pipeline.py
[2026-06-09T20:07:10.491+0000] {processor.py:830} INFO - Processing file /opt/airflow/dags/etl_pipeline.py for tasks to queue
[2026-06-09T20:07:10.499+0000] {logging_mixin.py:188} INFO - [2026-06-09T20:07:10.498+0000] {dagbag.py:545} INFO - Filling up the DagBag from /opt/airflow/dags/etl_pipeline.py
[2026-06-09T20:07:10.559+0000] {processor.py:840} INFO - DAG(s) 'etl_pipeline' retrieved from /opt/airflow/dags/etl_pipeline.py
[2026-06-09T20:07:10.664+0000] {logging_mixin.py:188} INFO - [2026-06-09T20:07:10.663+0000] {dag.py:3096} INFO - Sync 1 DAGs
[2026-06-09T20:07:10.745+0000] {logging_mixin.py:188} INFO - [2026-06-09T20:07:10.744+0000] {dag.py:3954} INFO - Setting next_dagrun for etl_pipeline to 2026-06-09 02:00:00+00:00, run_after=2026-06-10 02:00:00+00:00
[2026-06-09T20:07:10.809+0000] {processor.py:183} INFO - Processing /opt/airflow/dags/etl_pipeline.py took 0.340 seconds
[2026-06-09T20:07:41.202+0000] {processor.py:161} INFO - Started process (PID=1423) to work on /opt/airflow/dags/etl_pipeline.py
[2026-06-09T20:07:41.205+0000] {processor.py:830} INFO - Processing file /opt/airflow/dags/etl_pipeline.py for tasks to queue
[2026-06-09T20:07:41.211+0000] {logging_mixin.py:188} INFO - [2026-06-09T20:07:41.210+0000] {dagbag.py:545} INFO - Filling up the DagBag from /opt/airflow/dags/etl_pipeline.py
[2026-06-09T20:07:41.265+0000] {processor.py:840} INFO - DAG(s) 'etl_pipeline' retrieved from /opt/airflow/dags/etl_pipeline.py
[2026-06-09T20:07:41.368+0000] {logging_mixin.py:188} INFO - [2026-06-09T20:07:41.367+0000] {dag.py:3096} INFO - Sync 1 DAGs
[2026-06-09T20:07:41.465+0000] {logging_mixin.py:188} INFO - [2026-06-09T20:07:41.465+0000] {dag.py:3954} INFO - Setting next_dagrun for etl_pipeline to 2026-06-09 02:00:00+00:00, run_after=2026-06-10 02:00:00+00:00
[2026-06-09T20:07:41.566+0000] {processor.py:183} INFO - Processing /opt/airflow/dags/etl_pipeline.py took 0.380 seconds
[2026-06-09T20:08:11.953+0000] {processor.py:161} INFO - Started process (PID=1428) to work on /opt/airflow/dags/etl_pipeline.py
[2026-06-09T20:08:11.955+0000] {processor.py:830} INFO - Processing file /opt/airflow/dags/etl_pipeline.py for tasks to queue
[2026-06-09T20:08:11.959+0000] {logging_mixin.py:188} INFO - [2026-06-09T20:08:11.959+0000] {dagbag.py:545} INFO - Filling up the DagBag from /opt/airflow/dags/etl_pipeline.py
[2026-06-09T20:08:11.994+0000] {processor.py:840} INFO - DAG(s) 'etl_pipeline' retrieved from /opt/airflow/dags/etl_pipeline.py
[2026-06-09T20:08:12.053+0000] {logging_mixin.py:188} INFO - [2026-06-09T20:08:12.052+0000] {dag.py:3096} INFO - Sync 1 DAGs
[2026-06-09T20:08:12.098+0000] {logging_mixin.py:188} INFO - [2026-06-09T20:08:12.098+0000] {dag.py:3954} INFO - Setting next_dagrun for etl_pipeline to 2026-06-09 02:00:00+00:00, run_after=2026-06-10 02:00:00+00:00
[2026-06-09T20:08:12.139+0000] {processor.py:183} INFO - Processing /opt/airflow/dags/etl_pipeline.py took 0.196 seconds
[2026-06-09T20:08:42.313+0000] {processor.py:161} INFO - Started process (PID=1433) to work on /opt/airflow/dags/etl_pipeline.py
[2026-06-09T20:08:42.318+0000] {processor.py:830} INFO - Processing file /opt/airflow/dags/etl_pipeline.py for tasks to queue
[2026-06-09T20:08:42.326+0000] {logging_mixin.py:188} INFO - [2026-06-09T20:08:42.325+0000] {dagbag.py:545} INFO - Filling up the DagBag from /opt/airflow/dags/etl_pipeline.py
[2026-06-09T20:08:42.433+0000] {processor.py:840} INFO - DAG(s) 'etl_pipeline' retrieved from /opt/airflow/dags/etl_pipeline.py
[2026-06-09T20:08:42.605+0000] {logging_mixin.py:188} INFO - [2026-06-09T20:08:42.604+0000] {dag.py:3096} INFO - Sync 1 DAGs
[2026-06-09T20:08:42.719+0000] {logging_mixin.py:188} INFO - [2026-06-09T20:08:42.718+0000] {dag.py:3954} INFO - Setting next_dagrun for etl_pipeline to 2026-06-09 02:00:00+00:00, run_after=2026-06-10 02:00:00+00:00
[2026-06-09T20:08:42.808+0000] {processor.py:183} INFO - Processing /opt/airflow/dags/etl_pipeline.py took 0.519 seconds
[2026-06-09T20:09:13.231+0000] {processor.py:161} INFO - Started process (PID=1438) to work on /opt/airflow/dags/etl_pipeline.py
[2026-06-09T20:09:13.234+0000] {processor.py:830} INFO - Processing file /opt/airflow/dags/etl_pipeline.py for tasks to queue
[2026-06-09T20:09:13.240+0000] {logging_mixin.py:188} INFO - [2026-06-09T20:09:13.239+0000] {dagbag.py:545} INFO - Filling up the DagBag from /opt/airflow/dags/etl_pipeline.py
[2026-06-09T20:09:13.299+0000] {processor.py:840} INFO - DAG(s) 'etl_pipeline' retrieved from /opt/airflow/dags/etl_pipeline.py
[2026-06-09T20:09:13.394+0000] {logging_mixin.py:188} INFO - [2026-06-09T20:09:13.393+0000] {dag.py:3096} INFO - Sync 1 DAGs
[2026-06-09T20:09:13.452+0000] {logging_mixin.py:188} INFO - [2026-06-09T20:09:13.452+0000] {dag.py:3954} INFO - Setting next_dagrun for etl_pipeline to 2026-06-09 02:00:00+00:00, run_after=2026-06-10 02:00:00+00:00
[2026-06-09T20:09:13.506+0000] {processor.py:183} INFO - Processing /opt/airflow/dags/etl_pipeline.py took 0.290 seconds
[2026-06-09T20:09:43.926+0000] {processor.py:161} INFO - Started process (PID=1443) to work on /opt/airflow/dags/etl_pipeline.py
[2026-06-09T20:09:43.929+0000] {processor.py:830} INFO - Processing file /opt/airflow/dags/etl_pipeline.py for tasks to queue
[2026-06-09T20:09:43.938+0000] {logging_mixin.py:188} INFO - [2026-06-09T20:09:43.937+0000] {dagbag.py:545} INFO - Filling up the DagBag from /opt/airflow/dags/etl_pipeline.py
[2026-06-09T20:09:43.998+0000] {processor.py:840} INFO - DAG(s) 'etl_pipeline' retrieved from /opt/airflow/dags/etl_pipeline.py
[2026-06-09T20:09:44.135+0000] {logging_mixin.py:188} INFO - [2026-06-09T20:09:44.134+0000] {dag.py:3096} INFO - Sync 1 DAGs
[2026-06-09T20:09:44.235+0000] {logging_mixin.py:188} INFO - [2026-06-09T20:09:44.234+0000] {dag.py:3954} INFO - Setting next_dagrun for etl_pipeline to 2026-06-09 02:00:00+00:00, run_after=2026-06-10 02:00:00+00:00
[2026-06-09T20:09:44.294+0000] {processor.py:183} INFO - Processing /opt/airflow/dags/etl_pipeline.py took 0.389 seconds
[2026-06-09T20:10:14.704+0000] {processor.py:161} INFO - Started process (PID=1448) to work on /opt/airflow/dags/etl_pipeline.py
[2026-06-09T20:10:14.707+0000] {processor.py:830} INFO - Processing file /opt/airflow/dags/etl_pipeline.py for tasks to queue
[2026-06-09T20:10:14.713+0000] {logging_mixin.py:188} INFO - [2026-06-09T20:10:14.712+0000] {dagbag.py:545} INFO - Filling up the DagBag from /opt/airflow/dags/etl_pipeline.py
[2026-06-09T20:10:14.770+0000] {processor.py:840} INFO - DAG(s) 'etl_pipeline' retrieved from /opt/airflow/dags/etl_pipeline.py
[2026-06-09T20:10:14.860+0000] {logging_mixin.py:188} INFO - [2026-06-09T20:10:14.859+0000] {dag.py:3096} INFO - Sync 1 DAGs
[2026-06-09T20:10:14.937+0000] {logging_mixin.py:188} INFO - [2026-06-09T20:10:14.937+0000] {dag.py:3954} INFO - Setting next_dagrun for etl_pipeline to 2026-06-09 02:00:00+00:00, run_after=2026-06-10 02:00:00+00:00
[2026-06-09T20:10:15.001+0000] {processor.py:183} INFO - Processing /opt/airflow/dags/etl_pipeline.py took 0.316 seconds
[2026-06-09T20:10:45.409+0000] {processor.py:161} INFO - Started process (PID=1453) to work on /opt/airflow/dags/etl_pipeline.py
[2026-06-09T20:10:45.411+0000] {processor.py:830} INFO - Processing file /opt/airflow/dags/etl_pipeline.py for tasks to queue
[2026-06-09T20:10:45.415+0000] {logging_mixin.py:188} INFO - [2026-06-09T20:10:45.414+0000] {dagbag.py:545} INFO - Filling up the DagBag from /opt/airflow/dags/etl_pipeline.py
[2026-06-09T20:10:45.459+0000] {processor.py:840} INFO - DAG(s) 'etl_pipeline' retrieved from /opt/airflow/dags/etl_pipeline.py
[2026-06-09T20:10:45.558+0000] {logging_mixin.py:188} INFO - [2026-06-09T20:10:45.557+0000] {dag.py:3096} INFO - Sync 1 DAGs
[2026-06-09T20:10:45.616+0000] {logging_mixin.py:188} INFO - [2026-06-09T20:10:45.616+0000] {dag.py:3954} INFO - Setting next_dagrun for etl_pipeline to 2026-06-09 02:00:00+00:00, run_after=2026-06-10 02:00:00+00:00
[2026-06-09T20:10:45.667+0000] {processor.py:183} INFO - Processing /opt/airflow/dags/etl_pipeline.py took 0.271 seconds
[2026-06-09T20:11:15.869+0000] {processor.py:161} INFO - Started process (PID=1458) to work on /opt/airflow/dags/etl_pipeline.py
[2026-06-09T20:11:15.873+0000] {processor.py:830} INFO - Processing file /opt/airflow/dags/etl_pipeline.py for tasks to queue
[2026-06-09T20:11:15.881+0000] {logging_mixin.py:188} INFO - [2026-06-09T20:11:15.879+0000] {dagbag.py:545} INFO - Filling up the DagBag from /opt/airflow/dags/etl_pipeline.py
[2026-06-09T20:11:15.942+0000] {processor.py:840} INFO - DAG(s) 'etl_pipeline' retrieved from /opt/airflow/dags/etl_pipeline.py
[2026-06-09T20:11:16.052+0000] {logging_mixin.py:188} INFO - [2026-06-09T20:11:16.052+0000] {dag.py:3096} INFO - Sync 1 DAGs
[2026-06-09T20:11:16.132+0000] {logging_mixin.py:188} INFO - [2026-06-09T20:11:16.132+0000] {dag.py:3954} INFO - Setting next_dagrun for etl_pipeline to 2026-06-09 02:00:00+00:00, run_after=2026-06-10 02:00:00+00:00
[2026-06-09T20:11:16.200+0000] {processor.py:183} INFO - Processing /opt/airflow/dags/etl_pipeline.py took 0.350 seconds
[2026-06-09T20:11:46.378+0000] {processor.py:161} INFO - Started process (PID=1463) to work on /opt/airflow/dags/etl_pipeline.py
[2026-06-09T20:11:46.379+0000] {processor.py:830} INFO - Processing file /opt/airflow/dags/etl_pipeline.py for tasks to queue
[2026-06-09T20:11:46.381+0000] {logging_mixin.py:188} INFO - [2026-06-09T20:11:46.381+0000] {dagbag.py:545} INFO - Filling up the DagBag from /opt/airflow/dags/etl_pipeline.py
[2026-06-09T20:11:46.406+0000] {processor.py:840} INFO - DAG(s) 'etl_pipeline' retrieved from /opt/airflow/dags/etl_pipeline.py
[2026-06-09T20:11:46.452+0000] {logging_mixin.py:188} INFO - [2026-06-09T20:11:46.451+0000] {dag.py:3096} INFO - Sync 1 DAGs
[2026-06-09T20:11:46.536+0000] {logging_mixin.py:188} INFO - [2026-06-09T20:11:46.535+0000] {dag.py:3954} INFO - Setting next_dagrun for etl_pipeline to 2026-06-09 02:00:00+00:00, run_after=2026-06-10 02:00:00+00:00
[2026-06-09T20:11:46.639+0000] {processor.py:183} INFO - Processing /opt/airflow/dags/etl_pipeline.py took 0.268 seconds
[2026-06-09T20:12:16.952+0000] {processor.py:161} INFO - Started process (PID=1468) to work on /opt/airflow/dags/etl_pipeline.py
[2026-06-09T20:12:16.954+0000] {processor.py:830} INFO - Processing file /opt/airflow/dags/etl_pipeline.py for tasks to queue
[2026-06-09T20:12:16.958+0000] {logging_mixin.py:188} INFO - [2026-06-09T20:12:16.957+0000] {dagbag.py:545} INFO - Filling up the DagBag from /opt/airflow/dags/etl_pipeline.py
[2026-06-09T20:12:16.993+0000] {processor.py:840} INFO - DAG(s) 'etl_pipeline' retrieved from /opt/airflow/dags/etl_pipeline.py
[2026-06-09T20:12:17.056+0000] {logging_mixin.py:188} INFO - [2026-06-09T20:12:17.056+0000] {dag.py:3096} INFO - Sync 1 DAGs
[2026-06-09T20:12:17.110+0000] {logging_mixin.py:188} INFO - [2026-06-09T20:12:17.109+0000] {dag.py:3954} INFO - Setting next_dagrun for etl_pipeline to 2026-06-09 02:00:00+00:00, run_after=2026-06-10 02:00:00+00:00
[2026-06-09T20:12:17.159+0000] {processor.py:183} INFO - Processing /opt/airflow/dags/etl_pipeline.py took 0.222 seconds
[2026-06-09T20:12:47.296+0000] {processor.py:161} INFO - Started process (PID=1473) to work on /opt/airflow/dags/etl_pipeline.py
[2026-06-09T20:12:47.298+0000] {processor.py:830} INFO - Processing file /opt/airflow/dags/etl_pipeline.py for tasks to queue
[2026-06-09T20:12:47.302+0000] {logging_mixin.py:188} INFO - [2026-06-09T20:12:47.301+0000] {dagbag.py:545} INFO - Filling up the DagBag from /opt/airflow/dags/etl_pipeline.py
[2026-06-09T20:12:47.341+0000] {processor.py:840} INFO - DAG(s) 'etl_pipeline' retrieved from /opt/airflow/dags/etl_pipeline.py
[2026-06-09T20:12:47.417+0000] {logging_mixin.py:188} INFO - [2026-06-09T20:12:47.417+0000] {dag.py:3096} INFO - Sync 1 DAGs
[2026-06-09T20:12:47.474+0000] {logging_mixin.py:188} INFO - [2026-06-09T20:12:47.473+0000] {dag.py:3954} INFO - Setting next_dagrun for etl_pipeline to 2026-06-09 02:00:00+00:00, run_after=2026-06-10 02:00:00+00:00
[2026-06-09T20:12:47.528+0000] {processor.py:183} INFO - Processing /opt/airflow/dags/etl_pipeline.py took 0.243 seconds
[2026-06-09T20:13:17.969+0000] {processor.py:161} INFO - Started process (PID=1478) to work on /opt/airflow/dags/etl_pipeline.py
[2026-06-09T20:13:17.972+0000] {processor.py:830} INFO - Processing file /opt/airflow/dags/etl_pipeline.py for tasks to queue
[2026-06-09T20:13:17.977+0000] {logging_mixin.py:188} INFO - [2026-06-09T20:13:17.976+0000] {dagbag.py:545} INFO - Filling up the DagBag from /opt/airflow/dags/etl_pipeline.py
[2026-06-09T20:13:18.053+0000] {processor.py:840} INFO - DAG(s) 'etl_pipeline' retrieved from /opt/airflow/dags/etl_pipeline.py
[2026-06-09T20:13:18.153+0000] {logging_mixin.py:188} INFO - [2026-06-09T20:13:18.152+0000] {dag.py:3096} INFO - Sync 1 DAGs
[2026-06-09T20:13:18.223+0000] {logging_mixin.py:188} INFO - [2026-06-09T20:13:18.222+0000] {dag.py:3954} INFO - Setting next_dagrun for etl_pipeline to 2026-06-09 02:00:00+00:00, run_after=2026-06-10 02:00:00+00:00
[2026-06-09T20:13:18.284+0000] {processor.py:183} INFO - Processing /opt/airflow/dags/etl_pipeline.py took 0.331 seconds
[2026-06-09T20:13:48.743+0000] {processor.py:161} INFO - Started process (PID=1483) to work on /opt/airflow/dags/etl_pipeline.py
[2026-06-09T20:13:48.746+0000] {processor.py:830} INFO - Processing file /opt/airflow/dags/etl_pipeline.py for tasks to queue
[2026-06-09T20:13:48.753+0000] {logging_mixin.py:188} INFO - [2026-06-09T20:13:48.752+0000] {dagbag.py:545} INFO - Filling up the DagBag from /opt/airflow/dags/etl_pipeline.py
[2026-06-09T20:13:48.820+0000] {processor.py:840} INFO - DAG(s) 'etl_pipeline' retrieved from /opt/airflow/dags/etl_pipeline.py
[2026-06-09T20:13:48.946+0000] {logging_mixin.py:188} INFO - [2026-06-09T20:13:48.945+0000] {dag.py:3096} INFO - Sync 1 DAGs
[2026-06-09T20:13:49.078+0000] {logging_mixin.py:188} INFO - [2026-06-09T20:13:49.077+0000] {dag.py:3954} INFO - Setting next_dagrun for etl_pipeline to 2026-06-09 02:00:00+00:00, run_after=2026-06-10 02:00:00+00:00
[2026-06-09T20:13:49.175+0000] {processor.py:183} INFO - Processing /opt/airflow/dags/etl_pipeline.py took 0.452 seconds
[2026-06-09T20:14:19.540+0000] {processor.py:161} INFO - Started process (PID=1488) to work on /opt/airflow/dags/etl_pipeline.py
[2026-06-09T20:14:19.542+0000] {processor.py:830} INFO - Processing file /opt/airflow/dags/etl_pipeline.py for tasks to queue
[2026-06-09T20:14:19.545+0000] {logging_mixin.py:188} INFO - [2026-06-09T20:14:19.545+0000] {dagbag.py:545} INFO - Filling up the DagBag from /opt/airflow/dags/etl_pipeline.py
[2026-06-09T20:14:19.583+0000] {processor.py:840} INFO - DAG(s) 'etl_pipeline' retrieved from /opt/airflow/dags/etl_pipeline.py
[2026-06-09T20:14:19.648+0000] {logging_mixin.py:188} INFO - [2026-06-09T20:14:19.647+0000] {dag.py:3096} INFO - Sync 1 DAGs
[2026-06-09T20:14:19.714+0000] {logging_mixin.py:188} INFO - [2026-06-09T20:14:19.713+0000] {dag.py:3954} INFO - Setting next_dagrun for etl_pipeline to 2026-06-09 02:00:00+00:00, run_after=2026-06-10 02:00:00+00:00
[2026-06-09T20:14:19.771+0000] {processor.py:183} INFO - Processing /opt/airflow/dags/etl_pipeline.py took 0.242 seconds
